2016-07-20 23:14:43,557 [Worker-15] INFO  o.e.m.c.i.l.LifecycleMappingFactory - Using org.maven.ide.eclipse.wtp.WarLifecycleMapping lifecycle mapping for MavenProject: com.company:SpringExView:0.0.1-SNAPSHOT @ /Users/guanho/Desktop/gitAdd/02_bean_life_cycle_and_scope/01_Example/pom.xml.
2016-07-20 23:14:47,294 [Worker-15] INFO  o.e.m.j.i.AbstractJavaProjectConfigurator - Adding source folder /01_Example/src/main/java
2016-07-20 23:14:47,295 [Worker-15] INFO  o.e.m.j.i.AbstractJavaProjectConfigurator - Adding resource folder /01_Example/src/main/resources
2016-07-20 23:14:47,299 [Worker-15] INFO  o.e.m.j.i.AbstractJavaProjectConfigurator - Adding source folder /01_Example/src/test/java
2016-07-20 23:14:49,713 [Worker-15] INFO  o.e.m.c.i.p.ProjectConfigurationManager - Imported and configured 1 project(s) in 8 sec
2016-07-20 23:14:52,052 [Worker-18] WARN  o.e.m.c.i.embedder.EclipseLogger - Using platform encoding (UTF-8 actually) to copy filtered resources, i.e. build is platform dependent!
2016-07-20 23:14:52,082 [Worker-18] INFO  o.e.m.c.i.embedder.EclipseLogger - Copying 0 resource
2016-07-20 23:14:52,085 [Worker-18] WARN  o.e.m.c.i.embedder.EclipseLogger - Using platform encoding (UTF-8 actually) to copy filtered resources, i.e. build is platform dependent!
2016-07-20 23:14:52,085 [Worker-18] INFO  o.e.m.c.i.embedder.EclipseLogger - skip non existing resourceDirectory /Users/guanho/Desktop/gitAdd/02_bean_life_cycle_and_scope/01_Example/src/test/resources
2016-07-20 23:14:57,445 [Worker-13] WARN  o.e.m.c.i.embedder.EclipseLogger - Using platform encoding (UTF-8 actually) to copy filtered resources, i.e. build is platform dependent!
2016-07-20 23:14:57,449 [Worker-13] INFO  o.e.m.c.i.embedder.EclipseLogger - Copying 0 resource
2016-07-20 23:14:57,450 [Worker-13] WARN  o.e.m.c.i.embedder.EclipseLogger - Using platform encoding (UTF-8 actually) to copy filtered resources, i.e. build is platform dependent!
2016-07-20 23:14:57,451 [Worker-13] INFO  o.e.m.c.i.embedder.EclipseLogger - skip non existing resourceDirectory /Users/guanho/Desktop/gitAdd/02_bean_life_cycle_and_scope/01_Example/src/test/resources
2016-07-21 19:17:35,128 [Worker-13] WARN  o.e.m.c.i.embedder.EclipseLogger - Using platform encoding (UTF-8 actually) to copy filtered resources, i.e. build is platform dependent!
2016-07-21 19:17:35,146 [Worker-13] INFO  o.e.m.c.i.embedder.EclipseLogger - Copying 0 resource
2016-07-21 19:17:35,448 [Worker-13] WARN  o.e.m.c.i.embedder.EclipseLogger - Using platform encoding (UTF-8 actually) to copy filtered resources, i.e. build is platform dependent!
2016-07-21 19:17:35,448 [Worker-13] INFO  o.e.m.c.i.embedder.EclipseLogger - skip non existing resourceDirectory /Users/guanho/Desktop/gitAdd/02_bean_life_cycle_and_scope/01_Example/src/test/resources
2016-07-21 19:19:30,001 [Worker-17] WARN  o.e.m.c.i.embedder.EclipseLogger - Using platform encoding (UTF-8 actually) to copy filtered resources, i.e. build is platform dependent!
2016-07-21 19:19:30,008 [Worker-17] INFO  o.e.m.c.i.embedder.EclipseLogger - Copying 0 resource
2016-07-21 19:19:30,010 [Worker-17] WARN  o.e.m.c.i.embedder.EclipseLogger - Using platform encoding (UTF-8 actually) to copy filtered resources, i.e. build is platform dependent!
2016-07-21 19:19:30,010 [Worker-17] INFO  o.e.m.c.i.embedder.EclipseLogger - skip non existing resourceDirectory /Users/guanho/Desktop/gitAdd/02_bean_life_cycle_and_scope/01_Example/src/test/resources
2016-07-21 19:42:31,053 [Worker-21] WARN  o.e.m.c.i.embedder.EclipseLogger - Using platform encoding (UTF-8 actually) to copy filtered resources, i.e. build is platform dependent!
2016-07-21 19:42:31,054 [Worker-21] INFO  o.e.m.c.i.embedder.EclipseLogger - Copying 0 resource
2016-07-21 19:42:31,056 [Worker-21] WARN  o.e.m.c.i.embedder.EclipseLogger - Using platform encoding (UTF-8 actually) to copy filtered resources, i.e. build is platform dependent!
2016-07-21 19:42:31,057 [Worker-21] INFO  o.e.m.c.i.embedder.EclipseLogger - skip non existing resourceDirectory /Users/guanho/Desktop/gitAdd/02_bean_life_cycle_and_scope/01_Example/src/test/resources
2016-07-21 19:43:22,967 [Worker-25] INFO  o.e.m.c.i.l.LifecycleMappingFactory - Using org.eclipse.m2e.jdt.JarLifecycleMapping lifecycle mapping for MavenProject: com.company:01_Example:0.0.1-SNAPSHOT @ /Users/guanho/Desktop/gitAdd/02_bean_life_cycle_and_scope/01_Example/pom.xml.
2016-07-21 19:43:23,547 [Worker-25] WARN  o.e.m.c.i.embedder.EclipseLogger - Using platform encoding (UTF-8 actually) to copy filtered resources, i.e. build is platform dependent!
2016-07-21 19:43:23,550 [Worker-25] INFO  o.e.m.c.i.embedder.EclipseLogger - Copying 0 resource
2016-07-21 19:43:23,553 [Worker-25] WARN  o.e.m.c.i.embedder.EclipseLogger - Using platform encoding (UTF-8 actually) to copy filtered resources, i.e. build is platform dependent!
2016-07-21 19:43:23,553 [Worker-25] INFO  o.e.m.c.i.embedder.EclipseLogger - skip non existing resourceDirectory /Users/guanho/Desktop/gitAdd/02_bean_life_cycle_and_scope/01_Example/src/test/resources
2016-07-21 19:43:25,215 [Worker-21] WARN  o.e.m.c.i.embedder.EclipseLogger - Using platform encoding (UTF-8 actually) to copy filtered resources, i.e. build is platform dependent!
2016-07-21 19:43:25,219 [Worker-21] INFO  o.e.m.c.i.embedder.EclipseLogger - Copying 0 resource
2016-07-21 19:43:25,221 [Worker-21] WARN  o.e.m.c.i.embedder.EclipseLogger - Using platform encoding (UTF-8 actually) to copy filtered resources, i.e. build is platform dependent!
2016-07-21 19:43:25,222 [Worker-21] INFO  o.e.m.c.i.embedder.EclipseLogger - skip non existing resourceDirectory /Users/guanho/Desktop/gitAdd/02_bean_life_cycle_and_scope/01_Example/src/test/resources
2016-07-21 19:43:27,685 [Worker-25] INFO  o.e.m.c.i.l.LifecycleMappingFactory - Using org.eclipse.m2e.jdt.JarLifecycleMapping lifecycle mapping for MavenProject: com.company:01_Example:0.0.1-SNAPSHOT @ /Users/guanho/Desktop/gitAdd/02_bean_life_cycle_and_scope/01_Example/pom.xml.
2016-07-21 19:43:27,861 [Worker-25] WARN  o.e.m.c.i.embedder.EclipseLogger - Using platform encoding (UTF-8 actually) to copy filtered resources, i.e. build is platform dependent!
2016-07-21 19:43:27,864 [Worker-25] INFO  o.e.m.c.i.embedder.EclipseLogger - Copying 0 resource
2016-07-21 19:43:27,866 [Worker-25] WARN  o.e.m.c.i.embedder.EclipseLogger - Using platform encoding (UTF-8 actually) to copy filtered resources, i.e. build is platform dependent!
2016-07-21 19:43:27,867 [Worker-25] INFO  o.e.m.c.i.embedder.EclipseLogger - skip non existing resourceDirectory /Users/guanho/Desktop/gitAdd/02_bean_life_cycle_and_scope/01_Example/src/test/resources
2016-07-21 19:43:29,273 [Worker-22] WARN  o.e.m.c.i.embedder.EclipseLogger - Using platform encoding (UTF-8 actually) to copy filtered resources, i.e. build is platform dependent!
2016-07-21 19:43:29,274 [Worker-22] INFO  o.e.m.c.i.embedder.EclipseLogger - Copying 0 resource
2016-07-21 19:43:29,275 [Worker-22] WARN  o.e.m.c.i.embedder.EclipseLogger - Using platform encoding (UTF-8 actually) to copy filtered resources, i.e. build is platform dependent!
2016-07-21 19:43:29,276 [Worker-22] INFO  o.e.m.c.i.embedder.EclipseLogger - skip non existing resourceDirectory /Users/guanho/Desktop/gitAdd/02_bean_life_cycle_and_scope/01_Example/src/test/resources
2016-07-21 19:45:01,121 [Worker-26] WARN  o.e.m.c.i.embedder.EclipseLogger - Using platform encoding (UTF-8 actually) to copy filtered resources, i.e. build is platform dependent!
2016-07-21 19:45:01,121 [Worker-26] INFO  o.e.m.c.i.embedder.EclipseLogger - Copying 0 resource
2016-07-21 19:45:01,123 [Worker-26] WARN  o.e.m.c.i.embedder.EclipseLogger - Using platform encoding (UTF-8 actually) to copy filtered resources, i.e. build is platform dependent!
2016-07-21 19:45:01,130 [Worker-26] INFO  o.e.m.c.i.embedder.EclipseLogger - skip non existing resourceDirectory /Users/guanho/Desktop/gitAdd/02_bean_life_cycle_and_scope/01_Example/src/test/resources
2016-07-21 19:45:02,225 [Worker-26] WARN  o.e.m.c.i.embedder.EclipseLogger - Using platform encoding (UTF-8 actually) to copy filtered resources, i.e. build is platform dependent!
2016-07-21 19:45:02,226 [Worker-26] INFO  o.e.m.c.i.embedder.EclipseLogger - Copying 0 resource
2016-07-21 19:45:02,228 [Worker-26] WARN  o.e.m.c.i.embedder.EclipseLogger - Using platform encoding (UTF-8 actually) to copy filtered resources, i.e. build is platform dependent!
2016-07-21 19:45:02,228 [Worker-26] INFO  o.e.m.c.i.embedder.EclipseLogger - skip non existing resourceDirectory /Users/guanho/Desktop/gitAdd/02_bean_life_cycle_and_scope/01_Example/src/test/resources
2016-07-21 19:45:22,821 [Worker-26] INFO  o.e.m.c.i.p.ProjectConfigurationManager - Update started
2016-07-21 19:45:23,146 [Worker-26] INFO  o.e.m.c.i.l.LifecycleMappingFactory - Using org.eclipse.m2e.jdt.JarLifecycleMapping lifecycle mapping for MavenProject: com.company:01_Example:0.0.1-SNAPSHOT @ /Users/guanho/Desktop/gitAdd/02_bean_life_cycle_and_scope/01_Example/pom.xml.
2016-07-21 19:45:23,295 [Worker-26] INFO  o.e.m.j.i.AbstractJavaProjectConfigurator - Adding source folder /01_Example/src/main/java
2016-07-21 19:45:23,296 [Worker-26] INFO  o.e.m.j.i.AbstractJavaProjectConfigurator - Adding resource folder /01_Example/src/main/resources
2016-07-21 19:45:23,297 [Worker-26] INFO  o.e.m.j.i.AbstractJavaProjectConfigurator - Adding source folder /01_Example/src/test/java
2016-07-21 19:45:23,452 [Worker-26] INFO  o.e.m.c.i.p.ProjectConfigurationManager - Update completed: 0 sec
2016-07-21 19:45:23,640 [Worker-29] WARN  o.e.m.c.i.embedder.EclipseLogger - Using platform encoding (UTF-8 actually) to copy filtered resources, i.e. build is platform dependent!
2016-07-21 19:45:23,641 [Worker-29] INFO  o.e.m.c.i.embedder.EclipseLogger - Copying 0 resource
2016-07-21 19:45:23,644 [Worker-29] WARN  o.e.m.c.i.embedder.EclipseLogger - Using platform encoding (UTF-8 actually) to copy filtered resources, i.e. build is platform dependent!
2016-07-21 19:45:23,645 [Worker-29] INFO  o.e.m.c.i.embedder.EclipseLogger - skip non existing resourceDirectory /Users/guanho/Desktop/gitAdd/02_bean_life_cycle_and_scope/01_Example/src/test/resources
2016-07-21 20:18:59,131 [Worker-37] WARN  o.e.m.c.i.embedder.EclipseLogger - Using platform encoding (UTF-8 actually) to copy filtered resources, i.e. build is platform dependent!
2016-07-21 20:18:59,135 [Worker-37] INFO  o.e.m.c.i.embedder.EclipseLogger - Copying 0 resource
2016-07-21 20:18:59,137 [Worker-37] WARN  o.e.m.c.i.embedder.EclipseLogger - Using platform encoding (UTF-8 actually) to copy filtered resources, i.e. build is platform dependent!
2016-07-21 20:18:59,137 [Worker-37] INFO  o.e.m.c.i.embedder.EclipseLogger - skip non existing resourceDirectory /Users/guanho/Desktop/gitAdd/02_bean_life_cycle_and_scope/01_Example/src/test/resources
2016-07-21 20:19:51,368 [Worker-37] WARN  o.e.m.c.i.embedder.EclipseLogger - Using platform encoding (UTF-8 actually) to copy filtered resources, i.e. build is platform dependent!
2016-07-21 20:19:51,369 [Worker-37] INFO  o.e.m.c.i.embedder.EclipseLogger - Copying 0 resource
2016-07-21 20:19:51,371 [Worker-37] WARN  o.e.m.c.i.embedder.EclipseLogger - Using platform encoding (UTF-8 actually) to copy filtered resources, i.e. build is platform dependent!
2016-07-21 20:19:51,371 [Worker-37] INFO  o.e.m.c.i.embedder.EclipseLogger - skip non existing resourceDirectory /Users/guanho/Desktop/gitAdd/02_bean_life_cycle_and_scope/01_Example/src/test/resources
2016-07-21 20:22:26,866 [Worker-35] WARN  o.e.m.c.i.embedder.EclipseLogger - Using platform encoding (UTF-8 actually) to copy filtered resources, i.e. build is platform dependent!
2016-07-21 20:22:26,867 [Worker-35] INFO  o.e.m.c.i.embedder.EclipseLogger - Copying 0 resource
2016-07-21 20:22:26,869 [Worker-35] WARN  o.e.m.c.i.embedder.EclipseLogger - Using platform encoding (UTF-8 actually) to copy filtered resources, i.e. build is platform dependent!
2016-07-21 20:22:26,870 [Worker-35] INFO  o.e.m.c.i.embedder.EclipseLogger - skip non existing resourceDirectory /Users/guanho/Desktop/gitAdd/02_bean_life_cycle_and_scope/01_Example/src/test/resources
2016-07-21 20:22:51,771 [Worker-33] WARN  o.e.m.c.i.embedder.EclipseLogger - Using platform encoding (UTF-8 actually) to copy filtered resources, i.e. build is platform dependent!
2016-07-21 20:22:51,772 [Worker-33] INFO  o.e.m.c.i.embedder.EclipseLogger - Copying 0 resource
2016-07-21 20:22:51,774 [Worker-33] WARN  o.e.m.c.i.embedder.EclipseLogger - Using platform encoding (UTF-8 actually) to copy filtered resources, i.e. build is platform dependent!
2016-07-21 20:22:51,774 [Worker-33] INFO  o.e.m.c.i.embedder.EclipseLogger - skip non existing resourceDirectory /Users/guanho/Desktop/gitAdd/02_bean_life_cycle_and_scope/01_Example/src/test/resources
2016-07-21 20:23:17,933 [Worker-35] WARN  o.e.m.c.i.embedder.EclipseLogger - Using platform encoding (UTF-8 actually) to copy filtered resources, i.e. build is platform dependent!
2016-07-21 20:23:17,933 [Worker-35] INFO  o.e.m.c.i.embedder.EclipseLogger - Copying 0 resource
2016-07-21 20:23:17,934 [Worker-35] WARN  o.e.m.c.i.embedder.EclipseLogger - Using platform encoding (UTF-8 actually) to copy filtered resources, i.e. build is platform dependent!
2016-07-21 20:23:17,935 [Worker-35] INFO  o.e.m.c.i.embedder.EclipseLogger - skip non existing resourceDirectory /Users/guanho/Desktop/gitAdd/02_bean_life_cycle_and_scope/01_Example/src/test/resources
2016-07-21 20:24:00,165 [Worker-43] WARN  o.e.m.c.i.embedder.EclipseLogger - Using platform encoding (UTF-8 actually) to copy filtered resources, i.e. build is platform dependent!
2016-07-21 20:24:00,165 [Worker-43] INFO  o.e.m.c.i.embedder.EclipseLogger - Copying 0 resource
2016-07-21 20:24:00,166 [Worker-43] WARN  o.e.m.c.i.embedder.EclipseLogger - Using platform encoding (UTF-8 actually) to copy filtered resources, i.e. build is platform dependent!
2016-07-21 20:24:00,167 [Worker-43] INFO  o.e.m.c.i.embedder.EclipseLogger - skip non existing resourceDirectory /Users/guanho/Desktop/gitAdd/02_bean_life_cycle_and_scope/01_Example/src/test/resources
2016-07-21 20:24:48,469 [Worker-33] WARN  o.e.m.c.i.embedder.EclipseLogger - Using platform encoding (UTF-8 actually) to copy filtered resources, i.e. build is platform dependent!
2016-07-21 20:24:48,471 [Worker-33] INFO  o.e.m.c.i.embedder.EclipseLogger - Copying 1 resource
2016-07-21 20:24:48,483 [Worker-33] WARN  o.e.m.c.i.embedder.EclipseLogger - Using platform encoding (UTF-8 actually) to copy filtered resources, i.e. build is platform dependent!
2016-07-21 20:24:48,484 [Worker-33] INFO  o.e.m.c.i.embedder.EclipseLogger - skip non existing resourceDirectory /Users/guanho/Desktop/gitAdd/02_bean_life_cycle_and_scope/01_Example/src/test/resources
2016-07-21 20:26:51,176 [Worker-40] WARN  o.e.m.c.i.embedder.EclipseLogger - Using platform encoding (UTF-8 actually) to copy filtered resources, i.e. build is platform dependent!
2016-07-21 20:26:51,177 [Worker-40] INFO  o.e.m.c.i.embedder.EclipseLogger - Copying 1 resource
2016-07-21 20:26:51,179 [Worker-40] WARN  o.e.m.c.i.embedder.EclipseLogger - Using platform encoding (UTF-8 actually) to copy filtered resources, i.e. build is platform dependent!
2016-07-21 20:26:51,179 [Worker-40] INFO  o.e.m.c.i.embedder.EclipseLogger - skip non existing resourceDirectory /Users/guanho/Desktop/gitAdd/02_bean_life_cycle_and_scope/01_Example/src/test/resources
2016-07-21 20:27:01,363 [Worker-33] WARN  o.e.m.c.i.embedder.EclipseLogger - Using platform encoding (UTF-8 actually) to copy filtered resources, i.e. build is platform dependent!
2016-07-21 20:27:01,364 [Worker-33] INFO  o.e.m.c.i.embedder.EclipseLogger - Copying 1 resource
2016-07-21 20:27:01,365 [Worker-33] WARN  o.e.m.c.i.embedder.EclipseLogger - Using platform encoding (UTF-8 actually) to copy filtered resources, i.e. build is platform dependent!
2016-07-21 20:27:01,366 [Worker-33] INFO  o.e.m.c.i.embedder.EclipseLogger - skip non existing resourceDirectory /Users/guanho/Desktop/gitAdd/02_bean_life_cycle_and_scope/01_Example/src/test/resources
2016-07-21 20:27:54,334 [Worker-43] WARN  o.e.m.c.i.embedder.EclipseLogger - Using platform encoding (UTF-8 actually) to copy filtered resources, i.e. build is platform dependent!
2016-07-21 20:27:54,335 [Worker-43] INFO  o.e.m.c.i.embedder.EclipseLogger - Copying 1 resource
2016-07-21 20:27:54,337 [Worker-43] WARN  o.e.m.c.i.embedder.EclipseLogger - Using platform encoding (UTF-8 actually) to copy filtered resources, i.e. build is platform dependent!
2016-07-21 20:27:54,337 [Worker-43] INFO  o.e.m.c.i.embedder.EclipseLogger - skip non existing resourceDirectory /Users/guanho/Desktop/gitAdd/02_bean_life_cycle_and_scope/01_Example/src/test/resources
2016-07-21 20:28:10,296 [Worker-43] WARN  o.e.m.c.i.embedder.EclipseLogger - Using platform encoding (UTF-8 actually) to copy filtered resources, i.e. build is platform dependent!
2016-07-21 20:28:10,297 [Worker-43] INFO  o.e.m.c.i.embedder.EclipseLogger - Copying 1 resource
2016-07-21 20:28:10,299 [Worker-43] WARN  o.e.m.c.i.embedder.EclipseLogger - Using platform encoding (UTF-8 actually) to copy filtered resources, i.e. build is platform dependent!
2016-07-21 20:28:10,299 [Worker-43] INFO  o.e.m.c.i.embedder.EclipseLogger - skip non existing resourceDirectory /Users/guanho/Desktop/gitAdd/02_bean_life_cycle_and_scope/01_Example/src/test/resources
2016-07-21 20:28:19,160 [Worker-44] WARN  o.e.m.c.i.embedder.EclipseLogger - Using platform encoding (UTF-8 actually) to copy filtered resources, i.e. build is platform dependent!
2016-07-21 20:28:19,161 [Worker-44] INFO  o.e.m.c.i.embedder.EclipseLogger - Copying 0 resource
2016-07-21 20:28:19,162 [Worker-44] WARN  o.e.m.c.i.embedder.EclipseLogger - Using platform encoding (UTF-8 actually) to copy filtered resources, i.e. build is platform dependent!
2016-07-21 20:28:19,163 [Worker-44] INFO  o.e.m.c.i.embedder.EclipseLogger - skip non existing resourceDirectory /Users/guanho/Desktop/gitAdd/02_bean_life_cycle_and_scope/01_Example/src/test/resources
2016-07-21 20:28:49,954 [Worker-45] WARN  o.e.m.c.i.embedder.EclipseLogger - Using platform encoding (UTF-8 actually) to copy filtered resources, i.e. build is platform dependent!
2016-07-21 20:28:49,955 [Worker-45] INFO  o.e.m.c.i.embedder.EclipseLogger - Copying 1 resource
2016-07-21 20:28:49,956 [Worker-45] WARN  o.e.m.c.i.embedder.EclipseLogger - Using platform encoding (UTF-8 actually) to copy filtered resources, i.e. build is platform dependent!
2016-07-21 20:28:49,956 [Worker-45] INFO  o.e.m.c.i.embedder.EclipseLogger - skip non existing resourceDirectory /Users/guanho/Desktop/gitAdd/02_bean_life_cycle_and_scope/01_Example/src/test/resources
2016-07-21 20:28:53,044 [Worker-43] WARN  o.e.m.c.i.embedder.EclipseLogger - Using platform encoding (UTF-8 actually) to copy filtered resources, i.e. build is platform dependent!
2016-07-21 20:28:53,045 [Worker-43] INFO  o.e.m.c.i.embedder.EclipseLogger - Copying 1 resource
2016-07-21 20:28:53,046 [Worker-43] WARN  o.e.m.c.i.embedder.EclipseLogger - Using platform encoding (UTF-8 actually) to copy filtered resources, i.e. build is platform dependent!
2016-07-21 20:28:53,046 [Worker-43] INFO  o.e.m.c.i.embedder.EclipseLogger - skip non existing resourceDirectory /Users/guanho/Desktop/gitAdd/02_bean_life_cycle_and_scope/01_Example/src/test/resources
2016-07-21 20:28:55,080 [Worker-41] WARN  o.e.m.c.i.embedder.EclipseLogger - Using platform encoding (UTF-8 actually) to copy filtered resources, i.e. build is platform dependent!
2016-07-21 20:28:55,081 [Worker-41] INFO  o.e.m.c.i.embedder.EclipseLogger - Copying 1 resource
2016-07-21 20:28:55,083 [Worker-41] WARN  o.e.m.c.i.embedder.EclipseLogger - Using platform encoding (UTF-8 actually) to copy filtered resources, i.e. build is platform dependent!
2016-07-21 20:28:55,083 [Worker-41] INFO  o.e.m.c.i.embedder.EclipseLogger - skip non existing resourceDirectory /Users/guanho/Desktop/gitAdd/02_bean_life_cycle_and_scope/01_Example/src/test/resources
2016-07-21 20:29:34,154 [Worker-40] WARN  o.e.m.c.i.embedder.EclipseLogger - Using platform encoding (UTF-8 actually) to copy filtered resources, i.e. build is platform dependent!
2016-07-21 20:29:34,155 [Worker-40] INFO  o.e.m.c.i.embedder.EclipseLogger - Copying 1 resource
2016-07-21 20:29:34,159 [Worker-40] WARN  o.e.m.c.i.embedder.EclipseLogger - Using platform encoding (UTF-8 actually) to copy filtered resources, i.e. build is platform dependent!
2016-07-21 20:29:34,160 [Worker-40] INFO  o.e.m.c.i.embedder.EclipseLogger - skip non existing resourceDirectory /Users/guanho/Desktop/gitAdd/02_bean_life_cycle_and_scope/01_Example/src/test/resources
2016-07-21 20:29:39,063 [Worker-40] WARN  o.e.m.c.i.embedder.EclipseLogger - Using platform encoding (UTF-8 actually) to copy filtered resources, i.e. build is platform dependent!
2016-07-21 20:29:39,064 [Worker-40] INFO  o.e.m.c.i.embedder.EclipseLogger - Copying 1 resource
2016-07-21 20:29:39,066 [Worker-40] WARN  o.e.m.c.i.embedder.EclipseLogger - Using platform encoding (UTF-8 actually) to copy filtered resources, i.e. build is platform dependent!
2016-07-21 20:29:39,066 [Worker-40] INFO  o.e.m.c.i.embedder.EclipseLogger - skip non existing resourceDirectory /Users/guanho/Desktop/gitAdd/02_bean_life_cycle_and_scope/01_Example/src/test/resources
2016-07-21 20:29:42,105 [Worker-41] WARN  o.e.m.c.i.embedder.EclipseLogger - Using platform encoding (UTF-8 actually) to copy filtered resources, i.e. build is platform dependent!
2016-07-21 20:29:42,106 [Worker-41] INFO  o.e.m.c.i.embedder.EclipseLogger - Copying 1 resource
2016-07-21 20:29:42,108 [Worker-41] WARN  o.e.m.c.i.embedder.EclipseLogger - Using platform encoding (UTF-8 actually) to copy filtered resources, i.e. build is platform dependent!
2016-07-21 20:29:42,108 [Worker-41] INFO  o.e.m.c.i.embedder.EclipseLogger - skip non existing resourceDirectory /Users/guanho/Desktop/gitAdd/02_bean_life_cycle_and_scope/01_Example/src/test/resources
2016-07-21 20:29:47,465 [Worker-40] WARN  o.e.m.c.i.embedder.EclipseLogger - Using platform encoding (UTF-8 actually) to copy filtered resources, i.e. build is platform dependent!
2016-07-21 20:29:47,466 [Worker-40] INFO  o.e.m.c.i.embedder.EclipseLogger - Copying 1 resource
2016-07-21 20:29:47,467 [Worker-40] WARN  o.e.m.c.i.embedder.EclipseLogger - Using platform encoding (UTF-8 actually) to copy filtered resources, i.e. build is platform dependent!
2016-07-21 20:29:47,467 [Worker-40] INFO  o.e.m.c.i.embedder.EclipseLogger - skip non existing resourceDirectory /Users/guanho/Desktop/gitAdd/02_bean_life_cycle_and_scope/01_Example/src/test/resources
2016-07-21 20:29:54,808 [Worker-41] WARN  o.e.m.c.i.embedder.EclipseLogger - Using platform encoding (UTF-8 actually) to copy filtered resources, i.e. build is platform dependent!
2016-07-21 20:29:54,809 [Worker-41] INFO  o.e.m.c.i.embedder.EclipseLogger - Copying 1 resource
2016-07-21 20:29:54,810 [Worker-41] WARN  o.e.m.c.i.embedder.EclipseLogger - Using platform encoding (UTF-8 actually) to copy filtered resources, i.e. build is platform dependent!
2016-07-21 20:29:54,811 [Worker-41] INFO  o.e.m.c.i.embedder.EclipseLogger - skip non existing resourceDirectory /Users/guanho/Desktop/gitAdd/02_bean_life_cycle_and_scope/01_Example/src/test/resources
2016-07-21 20:37:25,061 [Worker-35] INFO  o.e.m.c.i.l.LifecycleMappingFactory - Using org.eclipse.m2e.jdt.JarLifecycleMapping lifecycle mapping for MavenProject: com.company:02_Example:0.0.1-SNAPSHOT @ /Users/guanho/Desktop/gitAdd/02_bean_life_cycle_and_scope/02_Example/pom.xml.
2016-07-21 20:37:25,148 [Worker-35] INFO  o.e.m.j.i.AbstractJavaProjectConfigurator - Adding source folder /02_Example/src/main/java
2016-07-21 20:37:25,149 [Worker-35] INFO  o.e.m.j.i.AbstractJavaProjectConfigurator - Adding resource folder /02_Example/src/main/resources
2016-07-21 20:37:25,149 [Worker-35] INFO  o.e.m.j.i.AbstractJavaProjectConfigurator - Adding source folder /02_Example/src/test/java
2016-07-21 20:37:25,187 [Worker-35] INFO  o.e.m.c.i.p.ProjectConfigurationManager - Imported and configured 1 project(s) in 0 sec
2016-07-21 20:37:25,954 [Worker-35] WARN  o.e.m.c.i.embedder.EclipseLogger - Using platform encoding (UTF-8 actually) to copy filtered resources, i.e. build is platform dependent!
2016-07-21 20:37:25,955 [Worker-35] INFO  o.e.m.c.i.embedder.EclipseLogger - Copying 0 resource
2016-07-21 20:37:25,956 [Worker-35] WARN  o.e.m.c.i.embedder.EclipseLogger - Using platform encoding (UTF-8 actually) to copy filtered resources, i.e. build is platform dependent!
2016-07-21 20:37:25,957 [Worker-35] INFO  o.e.m.c.i.embedder.EclipseLogger - skip non existing resourceDirectory /Users/guanho/Desktop/gitAdd/02_bean_life_cycle_and_scope/02_Example/src/test/resources
2016-07-21 20:37:26,121 [Worker-48] WARN  o.e.m.c.i.embedder.EclipseLogger - Using platform encoding (UTF-8 actually) to copy filtered resources, i.e. build is platform dependent!
2016-07-21 20:37:26,122 [Worker-48] INFO  o.e.m.c.i.embedder.EclipseLogger - Copying 0 resource
2016-07-21 20:37:26,123 [Worker-48] WARN  o.e.m.c.i.embedder.EclipseLogger - Using platform encoding (UTF-8 actually) to copy filtered resources, i.e. build is platform dependent!
2016-07-21 20:37:26,124 [Worker-48] INFO  o.e.m.c.i.embedder.EclipseLogger - skip non existing resourceDirectory /Users/guanho/Desktop/gitAdd/02_bean_life_cycle_and_scope/02_Example/src/test/resources
2016-07-21 20:37:26,164 [Worker-46] WARN  o.e.m.c.i.embedder.EclipseLogger - Using platform encoding (UTF-8 actually) to copy filtered resources, i.e. build is platform dependent!
2016-07-21 20:37:26,165 [Worker-46] INFO  o.e.m.c.i.embedder.EclipseLogger - Copying 0 resource
2016-07-21 20:37:26,166 [Worker-46] WARN  o.e.m.c.i.embedder.EclipseLogger - Using platform encoding (UTF-8 actually) to copy filtered resources, i.e. build is platform dependent!
2016-07-21 20:37:26,167 [Worker-46] INFO  o.e.m.c.i.embedder.EclipseLogger - skip non existing resourceDirectory /Users/guanho/Desktop/gitAdd/02_bean_life_cycle_and_scope/02_Example/src/test/resources
2016-07-21 20:37:26,207 [Worker-51] WARN  o.e.m.c.i.embedder.EclipseLogger - Using platform encoding (UTF-8 actually) to copy filtered resources, i.e. build is platform dependent!
2016-07-21 20:37:26,208 [Worker-51] INFO  o.e.m.c.i.embedder.EclipseLogger - Copying 0 resource
2016-07-21 20:37:26,209 [Worker-51] WARN  o.e.m.c.i.embedder.EclipseLogger - Using platform encoding (UTF-8 actually) to copy filtered resources, i.e. build is platform dependent!
2016-07-21 20:37:26,209 [Worker-51] INFO  o.e.m.c.i.embedder.EclipseLogger - skip non existing resourceDirectory /Users/guanho/Desktop/gitAdd/02_bean_life_cycle_and_scope/02_Example/src/test/resources
2016-07-21 20:37:26,237 [Worker-51] WARN  o.e.m.c.i.embedder.EclipseLogger - Using platform encoding (UTF-8 actually) to copy filtered resources, i.e. build is platform dependent!
2016-07-21 20:37:26,238 [Worker-51] INFO  o.e.m.c.i.embedder.EclipseLogger - Copying 0 resource
2016-07-21 20:37:26,239 [Worker-51] WARN  o.e.m.c.i.embedder.EclipseLogger - Using platform encoding (UTF-8 actually) to copy filtered resources, i.e. build is platform dependent!
2016-07-21 20:37:26,239 [Worker-51] INFO  o.e.m.c.i.embedder.EclipseLogger - skip non existing resourceDirectory /Users/guanho/Desktop/gitAdd/02_bean_life_cycle_and_scope/02_Example/src/test/resources
2016-07-21 20:51:14,739 [Worker-7] WARN  o.e.m.c.i.embedder.EclipseLogger - Using platform encoding (UTF-8 actually) to copy filtered resources, i.e. build is platform dependent!
2016-07-21 20:51:14,752 [Worker-7] INFO  o.e.m.c.i.embedder.EclipseLogger - Copying 1 resource
2016-07-21 20:51:14,760 [Worker-7] WARN  o.e.m.c.i.embedder.EclipseLogger - Using platform encoding (UTF-8 actually) to copy filtered resources, i.e. build is platform dependent!
2016-07-21 20:51:14,760 [Worker-7] INFO  o.e.m.c.i.embedder.EclipseLogger - skip non existing resourceDirectory /Users/guanho/Desktop/gitAdd/02_bean_life_cycle_and_scope/01_Example/src/test/resources
2016-07-21 20:51:15,242 [Worker-7] WARN  o.e.m.c.i.embedder.EclipseLogger - Using platform encoding (UTF-8 actually) to copy filtered resources, i.e. build is platform dependent!
2016-07-21 20:51:15,243 [Worker-7] INFO  o.e.m.c.i.embedder.EclipseLogger - Copying 0 resource
2016-07-21 20:51:15,247 [Worker-7] WARN  o.e.m.c.i.embedder.EclipseLogger - Using platform encoding (UTF-8 actually) to copy filtered resources, i.e. build is platform dependent!
2016-07-21 20:51:15,248 [Worker-7] INFO  o.e.m.c.i.embedder.EclipseLogger - skip non existing resourceDirectory /Users/guanho/Desktop/gitAdd/02_bean_life_cycle_and_scope/02_Example/src/test/resources
2016-07-21 20:51:22,530 [Worker-17] WARN  o.e.m.c.i.embedder.EclipseLogger - Using platform encoding (UTF-8 actually) to copy filtered resources, i.e. build is platform dependent!
2016-07-21 20:51:22,538 [Worker-17] INFO  o.e.m.c.i.embedder.EclipseLogger - Copying 1 resource
2016-07-21 20:51:22,543 [Worker-17] WARN  o.e.m.c.i.embedder.EclipseLogger - Using platform encoding (UTF-8 actually) to copy filtered resources, i.e. build is platform dependent!
2016-07-21 20:51:22,543 [Worker-17] INFO  o.e.m.c.i.embedder.EclipseLogger - skip non existing resourceDirectory /Users/guanho/Desktop/gitAdd/02_bean_life_cycle_and_scope/01_Example/src/test/resources
2016-07-21 20:51:25,918 [Worker-1] WARN  o.e.m.c.i.embedder.EclipseLogger - Using platform encoding (UTF-8 actually) to copy filtered resources, i.e. build is platform dependent!
2016-07-21 20:51:25,919 [Worker-1] INFO  o.e.m.c.i.embedder.EclipseLogger - Copying 1 resource
2016-07-21 20:51:25,920 [Worker-1] WARN  o.e.m.c.i.embedder.EclipseLogger - Using platform encoding (UTF-8 actually) to copy filtered resources, i.e. build is platform dependent!
2016-07-21 20:51:25,921 [Worker-1] INFO  o.e.m.c.i.embedder.EclipseLogger - skip non existing resourceDirectory /Users/guanho/Desktop/gitAdd/02_bean_life_cycle_and_scope/01_Example/src/test/resources
2016-07-21 20:51:27,955 [Worker-15] WARN  o.e.m.c.i.embedder.EclipseLogger - Using platform encoding (UTF-8 actually) to copy filtered resources, i.e. build is platform dependent!
2016-07-21 20:51:27,956 [Worker-15] INFO  o.e.m.c.i.embedder.EclipseLogger - Copying 0 resource
2016-07-21 20:51:27,958 [Worker-15] WARN  o.e.m.c.i.embedder.EclipseLogger - Using platform encoding (UTF-8 actually) to copy filtered resources, i.e. build is platform dependent!
2016-07-21 20:51:27,959 [Worker-15] INFO  o.e.m.c.i.embedder.EclipseLogger - skip non existing resourceDirectory /Users/guanho/Desktop/gitAdd/02_bean_life_cycle_and_scope/02_Example/src/test/resources
2016-07-21 20:51:31,255 [Worker-21] WARN  o.e.m.c.i.embedder.EclipseLogger - Using platform encoding (UTF-8 actually) to copy filtered resources, i.e. build is platform dependent!
2016-07-21 20:51:31,256 [Worker-21] INFO  o.e.m.c.i.embedder.EclipseLogger - Copying 1 resource
2016-07-21 20:51:31,257 [Worker-21] WARN  o.e.m.c.i.embedder.EclipseLogger - Using platform encoding (UTF-8 actually) to copy filtered resources, i.e. build is platform dependent!
2016-07-21 20:51:31,257 [Worker-21] INFO  o.e.m.c.i.embedder.EclipseLogger - skip non existing resourceDirectory /Users/guanho/Desktop/gitAdd/02_bean_life_cycle_and_scope/01_Example/src/test/resources
2016-07-21 20:51:34,545 [Worker-22] WARN  o.e.m.c.i.embedder.EclipseLogger - Using platform encoding (UTF-8 actually) to copy filtered resources, i.e. build is platform dependent!
2016-07-21 20:51:34,546 [Worker-22] INFO  o.e.m.c.i.embedder.EclipseLogger - Copying 1 resource
2016-07-21 20:51:34,548 [Worker-22] WARN  o.e.m.c.i.embedder.EclipseLogger - Using platform encoding (UTF-8 actually) to copy filtered resources, i.e. build is platform dependent!
2016-07-21 20:51:34,549 [Worker-22] INFO  o.e.m.c.i.embedder.EclipseLogger - skip non existing resourceDirectory /Users/guanho/Desktop/gitAdd/02_bean_life_cycle_and_scope/01_Example/src/test/resources
2016-07-21 20:51:37,586 [Worker-9] WARN  o.e.m.c.i.embedder.EclipseLogger - Using platform encoding (UTF-8 actually) to copy filtered resources, i.e. build is platform dependent!
2016-07-21 20:51:37,587 [Worker-9] INFO  o.e.m.c.i.embedder.EclipseLogger - Copying 1 resource
2016-07-21 20:51:37,589 [Worker-9] WARN  o.e.m.c.i.embedder.EclipseLogger - Using platform encoding (UTF-8 actually) to copy filtered resources, i.e. build is platform dependent!
2016-07-21 20:51:37,589 [Worker-9] INFO  o.e.m.c.i.embedder.EclipseLogger - skip non existing resourceDirectory /Users/guanho/Desktop/gitAdd/02_bean_life_cycle_and_scope/01_Example/src/test/resources
2016-07-21 20:51:58,913 [Worker-21] WARN  o.e.m.c.i.embedder.EclipseLogger - Using platform encoding (UTF-8 actually) to copy filtered resources, i.e. build is platform dependent!
2016-07-21 20:51:58,915 [Worker-21] INFO  o.e.m.c.i.embedder.EclipseLogger - Copying 1 resource
2016-07-21 20:51:58,918 [Worker-21] WARN  o.e.m.c.i.embedder.EclipseLogger - Using platform encoding (UTF-8 actually) to copy filtered resources, i.e. build is platform dependent!
2016-07-21 20:51:58,919 [Worker-21] INFO  o.e.m.c.i.embedder.EclipseLogger - skip non existing resourceDirectory /Users/guanho/Desktop/gitAdd/02_bean_life_cycle_and_scope/01_Example/src/test/resources
2016-07-21 20:52:22,343 [Worker-4] WARN  o.e.m.c.i.embedder.EclipseLogger - Using platform encoding (UTF-8 actually) to copy filtered resources, i.e. build is platform dependent!
2016-07-21 20:52:22,344 [Worker-4] INFO  o.e.m.c.i.embedder.EclipseLogger - Copying 1 resource
2016-07-21 20:52:22,347 [Worker-4] WARN  o.e.m.c.i.embedder.EclipseLogger - Using platform encoding (UTF-8 actually) to copy filtered resources, i.e. build is platform dependent!
2016-07-21 20:52:22,351 [Worker-4] INFO  o.e.m.c.i.embedder.EclipseLogger - skip non existing resourceDirectory /Users/guanho/Desktop/gitAdd/02_bean_life_cycle_and_scope/01_Example/src/test/resources
2016-07-22 18:56:27,331 [Worker-1] WARN  o.e.m.c.i.embedder.EclipseLogger - Using platform encoding (UTF-8 actually) to copy filtered resources, i.e. build is platform dependent!
2016-07-22 18:56:27,343 [Worker-1] INFO  o.e.m.c.i.embedder.EclipseLogger - Copying 1 resource
2016-07-22 18:56:27,352 [Worker-1] WARN  o.e.m.c.i.embedder.EclipseLogger - Using platform encoding (UTF-8 actually) to copy filtered resources, i.e. build is platform dependent!
2016-07-22 18:56:27,353 [Worker-1] INFO  o.e.m.c.i.embedder.EclipseLogger - skip non existing resourceDirectory /Users/guanho/Desktop/gitAdd/02_Bean_life_cycle_and_scope/01_Example/src/test/resources
2016-07-22 18:56:27,789 [Worker-1] WARN  o.e.m.c.i.embedder.EclipseLogger - Using platform encoding (UTF-8 actually) to copy filtered resources, i.e. build is platform dependent!
2016-07-22 18:56:27,790 [Worker-1] INFO  o.e.m.c.i.embedder.EclipseLogger - Copying 0 resource
2016-07-22 18:56:27,792 [Worker-1] WARN  o.e.m.c.i.embedder.EclipseLogger - Using platform encoding (UTF-8 actually) to copy filtered resources, i.e. build is platform dependent!
2016-07-22 18:56:27,793 [Worker-1] INFO  o.e.m.c.i.embedder.EclipseLogger - skip non existing resourceDirectory /Users/guanho/Desktop/gitAdd/02_Bean_life_cycle_and_scope/02_Example/src/test/resources
2016-07-22 18:57:51,098 [Worker-9] WARN  o.e.m.c.i.embedder.EclipseLogger - Using platform encoding (UTF-8 actually) to copy filtered resources, i.e. build is platform dependent!
2016-07-22 18:57:51,102 [Worker-9] INFO  o.e.m.c.i.embedder.EclipseLogger - Copying 0 resource
2016-07-22 18:57:51,103 [Worker-9] WARN  o.e.m.c.i.embedder.EclipseLogger - Using platform encoding (UTF-8 actually) to copy filtered resources, i.e. build is platform dependent!
2016-07-22 18:57:51,103 [Worker-9] INFO  o.e.m.c.i.embedder.EclipseLogger - skip non existing resourceDirectory /Users/guanho/Desktop/gitAdd/02_Bean_life_cycle_and_scope/02_Example/src/test/resources
2016-07-22 18:57:52,123 [Worker-2] WARN  o.e.m.c.i.embedder.EclipseLogger - Using platform encoding (UTF-8 actually) to copy filtered resources, i.e. build is platform dependent!
2016-07-22 18:57:52,124 [Worker-2] INFO  o.e.m.c.i.embedder.EclipseLogger - Copying 0 resource
2016-07-22 18:57:52,126 [Worker-2] WARN  o.e.m.c.i.embedder.EclipseLogger - Using platform encoding (UTF-8 actually) to copy filtered resources, i.e. build is platform dependent!
2016-07-22 18:57:52,127 [Worker-2] INFO  o.e.m.c.i.embedder.EclipseLogger - skip non existing resourceDirectory /Users/guanho/Desktop/gitAdd/02_Bean_life_cycle_and_scope/02_Example/src/test/resources
2016-07-22 19:39:34,144 [Worker-33] WARN  o.e.m.c.i.embedder.EclipseLogger - Using platform encoding (UTF-8 actually) to copy filtered resources, i.e. build is platform dependent!
2016-07-22 19:39:34,145 [Worker-33] INFO  o.e.m.c.i.embedder.EclipseLogger - Copying 0 resource
2016-07-22 19:39:34,147 [Worker-33] WARN  o.e.m.c.i.embedder.EclipseLogger - Using platform encoding (UTF-8 actually) to copy filtered resources, i.e. build is platform dependent!
2016-07-22 19:39:34,148 [Worker-33] INFO  o.e.m.c.i.embedder.EclipseLogger - skip non existing resourceDirectory /Users/guanho/Desktop/gitAdd/02_Bean_life_cycle_and_scope/02_Example/src/test/resources
