2016-08-17 23:03:26,736 [Worker-0] INFO  o.e.m.c.i.l.LifecycleMappingFactory - Using org.maven.ide.eclipse.wtp.WarLifecycleMapping lifecycle mapping for MavenProject: com.company:01_View:0.0.1-SNAPSHOT @ /Users/guanho/Documents/git/pikachu987/TIL/spring/07_MVC_View/01_View/pom.xml.
2016-08-17 23:03:28,563 [Worker-0] INFO  o.e.m.j.i.AbstractJavaProjectConfigurator - Adding source folder /01_View/src/main/java
2016-08-17 23:03:28,563 [Worker-0] INFO  o.e.m.j.i.AbstractJavaProjectConfigurator - Adding resource folder /01_View/src/main/resources
2016-08-17 23:03:28,564 [Worker-0] INFO  o.e.m.j.i.AbstractJavaProjectConfigurator - Adding source folder /01_View/src/test/java
2016-08-17 23:03:29,617 [Worker-0] INFO  o.e.m.c.i.p.ProjectConfigurationManager - Imported and configured 1 project(s) in 4 sec
2016-08-17 23:03:30,880 [Worker-6] WARN  o.e.m.c.i.embedder.EclipseLogger - Using platform encoding (UTF-8 actually) to copy filtered resources, i.e. build is platform dependent!
2016-08-17 23:03:30,907 [Worker-6] INFO  o.e.m.c.i.embedder.EclipseLogger - Copying 0 resource
2016-08-17 23:03:30,910 [Worker-6] WARN  o.e.m.c.i.embedder.EclipseLogger - Using platform encoding (UTF-8 actually) to copy filtered resources, i.e. build is platform dependent!
2016-08-17 23:03:30,911 [Worker-6] INFO  o.e.m.c.i.embedder.EclipseLogger - skip non existing resourceDirectory /Users/guanho/Documents/git/pikachu987/TIL/spring/07_MVC_View/01_View/src/test/resources
2016-08-17 23:10:19,709 [Worker-18] WARN  o.e.m.c.i.embedder.EclipseLogger - Using platform encoding (UTF-8 actually) to copy filtered resources, i.e. build is platform dependent!
2016-08-17 23:10:19,715 [Worker-18] INFO  o.e.m.c.i.embedder.EclipseLogger - Copying 0 resource
2016-08-17 23:10:19,716 [Worker-18] WARN  o.e.m.c.i.embedder.EclipseLogger - Using platform encoding (UTF-8 actually) to copy filtered resources, i.e. build is platform dependent!
2016-08-17 23:10:19,717 [Worker-18] INFO  o.e.m.c.i.embedder.EclipseLogger - skip non existing resourceDirectory /Users/guanho/Documents/git/pikachu987/TIL/spring/07_MVC_View/01_View/src/test/resources
2016-08-17 23:14:54,993 [Worker-21] WARN  o.e.m.c.i.embedder.EclipseLogger - Using platform encoding (UTF-8 actually) to copy filtered resources, i.e. build is platform dependent!
2016-08-17 23:14:54,994 [Worker-21] INFO  o.e.m.c.i.embedder.EclipseLogger - Copying 0 resource
2016-08-17 23:14:54,996 [Worker-21] WARN  o.e.m.c.i.embedder.EclipseLogger - Using platform encoding (UTF-8 actually) to copy filtered resources, i.e. build is platform dependent!
2016-08-17 23:14:54,996 [Worker-21] INFO  o.e.m.c.i.embedder.EclipseLogger - skip non existing resourceDirectory /Users/guanho/Documents/git/pikachu987/TIL/spring/07_MVC_View/01_View/src/test/resources
2016-08-17 23:14:58,857 [Worker-21] WARN  o.e.m.c.i.embedder.EclipseLogger - Using platform encoding (UTF-8 actually) to copy filtered resources, i.e. build is platform dependent!
2016-08-17 23:14:58,858 [Worker-21] INFO  o.e.m.c.i.embedder.EclipseLogger - Copying 0 resource
2016-08-17 23:14:58,860 [Worker-21] WARN  o.e.m.c.i.embedder.EclipseLogger - Using platform encoding (UTF-8 actually) to copy filtered resources, i.e. build is platform dependent!
2016-08-17 23:14:58,861 [Worker-21] INFO  o.e.m.c.i.embedder.EclipseLogger - skip non existing resourceDirectory /Users/guanho/Documents/git/pikachu987/TIL/spring/07_MVC_View/01_View/src/test/resources
2016-08-17 23:16:04,278 [Worker-0] WARN  o.e.m.c.i.embedder.EclipseLogger - Using platform encoding (UTF-8 actually) to copy filtered resources, i.e. build is platform dependent!
2016-08-17 23:16:04,278 [Worker-0] INFO  o.e.m.c.i.embedder.EclipseLogger - Copying 0 resource
2016-08-17 23:16:04,280 [Worker-0] WARN  o.e.m.c.i.embedder.EclipseLogger - Using platform encoding (UTF-8 actually) to copy filtered resources, i.e. build is platform dependent!
2016-08-17 23:16:04,280 [Worker-0] INFO  o.e.m.c.i.embedder.EclipseLogger - skip non existing resourceDirectory /Users/guanho/Documents/git/pikachu987/TIL/spring/07_MVC_View/01_View/src/test/resources
2016-08-17 23:16:49,951 [Worker-1] WARN  o.e.m.c.i.embedder.EclipseLogger - Using platform encoding (UTF-8 actually) to copy filtered resources, i.e. build is platform dependent!
2016-08-17 23:16:49,952 [Worker-1] INFO  o.e.m.c.i.embedder.EclipseLogger - Copying 0 resource
2016-08-17 23:16:49,953 [Worker-1] WARN  o.e.m.c.i.embedder.EclipseLogger - Using platform encoding (UTF-8 actually) to copy filtered resources, i.e. build is platform dependent!
2016-08-17 23:16:49,954 [Worker-1] INFO  o.e.m.c.i.embedder.EclipseLogger - skip non existing resourceDirectory /Users/guanho/Documents/git/pikachu987/TIL/spring/07_MVC_View/01_View/src/test/resources
2016-08-17 23:16:54,260 [Worker-18] WARN  o.e.m.c.i.embedder.EclipseLogger - Using platform encoding (UTF-8 actually) to copy filtered resources, i.e. build is platform dependent!
2016-08-17 23:16:54,260 [Worker-18] INFO  o.e.m.c.i.embedder.EclipseLogger - Copying 0 resource
2016-08-17 23:16:54,263 [Worker-18] WARN  o.e.m.c.i.embedder.EclipseLogger - Using platform encoding (UTF-8 actually) to copy filtered resources, i.e. build is platform dependent!
2016-08-17 23:16:54,265 [Worker-18] INFO  o.e.m.c.i.embedder.EclipseLogger - skip non existing resourceDirectory /Users/guanho/Documents/git/pikachu987/TIL/spring/07_MVC_View/01_View/src/test/resources
2016-08-17 23:17:29,239 [Worker-21] WARN  o.e.m.c.i.embedder.EclipseLogger - Using platform encoding (UTF-8 actually) to copy filtered resources, i.e. build is platform dependent!
2016-08-17 23:17:29,240 [Worker-21] INFO  o.e.m.c.i.embedder.EclipseLogger - Copying 0 resource
2016-08-17 23:17:29,242 [Worker-21] WARN  o.e.m.c.i.embedder.EclipseLogger - Using platform encoding (UTF-8 actually) to copy filtered resources, i.e. build is platform dependent!
2016-08-17 23:17:29,244 [Worker-21] INFO  o.e.m.c.i.embedder.EclipseLogger - skip non existing resourceDirectory /Users/guanho/Documents/git/pikachu987/TIL/spring/07_MVC_View/01_View/src/test/resources
2016-08-17 23:18:56,321 [Worker-0] WARN  o.e.m.c.i.embedder.EclipseLogger - Using platform encoding (UTF-8 actually) to copy filtered resources, i.e. build is platform dependent!
2016-08-17 23:18:56,322 [Worker-0] INFO  o.e.m.c.i.embedder.EclipseLogger - Copying 0 resource
2016-08-17 23:18:56,324 [Worker-0] WARN  o.e.m.c.i.embedder.EclipseLogger - Using platform encoding (UTF-8 actually) to copy filtered resources, i.e. build is platform dependent!
2016-08-17 23:18:56,325 [Worker-0] INFO  o.e.m.c.i.embedder.EclipseLogger - skip non existing resourceDirectory /Users/guanho/Documents/git/pikachu987/TIL/spring/07_MVC_View/01_View/src/test/resources
2016-08-17 23:19:07,226 [Worker-20] WARN  o.e.m.c.i.embedder.EclipseLogger - Using platform encoding (UTF-8 actually) to copy filtered resources, i.e. build is platform dependent!
2016-08-17 23:19:07,227 [Worker-20] INFO  o.e.m.c.i.embedder.EclipseLogger - Copying 0 resource
2016-08-17 23:19:07,229 [Worker-20] WARN  o.e.m.c.i.embedder.EclipseLogger - Using platform encoding (UTF-8 actually) to copy filtered resources, i.e. build is platform dependent!
2016-08-17 23:19:07,229 [Worker-20] INFO  o.e.m.c.i.embedder.EclipseLogger - skip non existing resourceDirectory /Users/guanho/Documents/git/pikachu987/TIL/spring/07_MVC_View/01_View/src/test/resources
2016-08-17 23:19:11,345 [Worker-20] WARN  o.e.m.c.i.embedder.EclipseLogger - Using platform encoding (UTF-8 actually) to copy filtered resources, i.e. build is platform dependent!
2016-08-17 23:19:11,346 [Worker-20] INFO  o.e.m.c.i.embedder.EclipseLogger - Copying 0 resource
2016-08-17 23:19:11,347 [Worker-20] WARN  o.e.m.c.i.embedder.EclipseLogger - Using platform encoding (UTF-8 actually) to copy filtered resources, i.e. build is platform dependent!
2016-08-17 23:19:11,348 [Worker-20] INFO  o.e.m.c.i.embedder.EclipseLogger - skip non existing resourceDirectory /Users/guanho/Documents/git/pikachu987/TIL/spring/07_MVC_View/01_View/src/test/resources
2016-08-17 23:19:56,438 [Worker-22] WARN  o.e.m.c.i.embedder.EclipseLogger - Using platform encoding (UTF-8 actually) to copy filtered resources, i.e. build is platform dependent!
2016-08-17 23:19:56,439 [Worker-22] INFO  o.e.m.c.i.embedder.EclipseLogger - Copying 0 resource
2016-08-17 23:19:56,442 [Worker-22] WARN  o.e.m.c.i.embedder.EclipseLogger - Using platform encoding (UTF-8 actually) to copy filtered resources, i.e. build is platform dependent!
2016-08-17 23:19:56,443 [Worker-22] INFO  o.e.m.c.i.embedder.EclipseLogger - skip non existing resourceDirectory /Users/guanho/Documents/git/pikachu987/TIL/spring/07_MVC_View/01_View/src/test/resources
2016-08-17 23:20:28,683 [Worker-24] WARN  o.e.m.c.i.embedder.EclipseLogger - Using platform encoding (UTF-8 actually) to copy filtered resources, i.e. build is platform dependent!
2016-08-17 23:20:28,684 [Worker-24] INFO  o.e.m.c.i.embedder.EclipseLogger - Copying 0 resource
2016-08-17 23:20:28,685 [Worker-24] WARN  o.e.m.c.i.embedder.EclipseLogger - Using platform encoding (UTF-8 actually) to copy filtered resources, i.e. build is platform dependent!
2016-08-17 23:20:28,686 [Worker-24] INFO  o.e.m.c.i.embedder.EclipseLogger - skip non existing resourceDirectory /Users/guanho/Documents/git/pikachu987/TIL/spring/07_MVC_View/01_View/src/test/resources
2016-08-17 23:20:56,471 [Worker-1] WARN  o.e.m.c.i.embedder.EclipseLogger - Using platform encoding (UTF-8 actually) to copy filtered resources, i.e. build is platform dependent!
2016-08-17 23:20:56,472 [Worker-1] INFO  o.e.m.c.i.embedder.EclipseLogger - Copying 0 resource
2016-08-17 23:20:56,474 [Worker-1] WARN  o.e.m.c.i.embedder.EclipseLogger - Using platform encoding (UTF-8 actually) to copy filtered resources, i.e. build is platform dependent!
2016-08-17 23:20:56,476 [Worker-1] INFO  o.e.m.c.i.embedder.EclipseLogger - skip non existing resourceDirectory /Users/guanho/Documents/git/pikachu987/TIL/spring/07_MVC_View/01_View/src/test/resources
2016-08-17 23:22:55,126 [Worker-1] WARN  o.e.m.c.i.embedder.EclipseLogger - Using platform encoding (UTF-8 actually) to copy filtered resources, i.e. build is platform dependent!
2016-08-17 23:22:55,139 [Worker-1] INFO  o.e.m.c.i.embedder.EclipseLogger - Copying 0 resource
2016-08-17 23:22:55,142 [Worker-1] WARN  o.e.m.c.i.embedder.EclipseLogger - Using platform encoding (UTF-8 actually) to copy filtered resources, i.e. build is platform dependent!
2016-08-17 23:22:55,143 [Worker-1] INFO  o.e.m.c.i.embedder.EclipseLogger - skip non existing resourceDirectory /Users/guanho/Documents/git/pikachu987/TIL/spring/07_MVC_View/01_View/src/test/resources
2016-08-17 23:22:56,199 [Worker-18] WARN  o.e.m.c.i.embedder.EclipseLogger - Using platform encoding (UTF-8 actually) to copy filtered resources, i.e. build is platform dependent!
2016-08-17 23:22:56,200 [Worker-18] INFO  o.e.m.c.i.embedder.EclipseLogger - Copying 0 resource
2016-08-17 23:22:56,205 [Worker-18] WARN  o.e.m.c.i.embedder.EclipseLogger - Using platform encoding (UTF-8 actually) to copy filtered resources, i.e. build is platform dependent!
2016-08-17 23:22:56,206 [Worker-18] INFO  o.e.m.c.i.embedder.EclipseLogger - skip non existing resourceDirectory /Users/guanho/Documents/git/pikachu987/TIL/spring/07_MVC_View/01_View/src/test/resources
2016-08-17 23:25:18,548 [Worker-25] WARN  o.e.m.c.i.embedder.EclipseLogger - Using platform encoding (UTF-8 actually) to copy filtered resources, i.e. build is platform dependent!
2016-08-17 23:25:18,550 [Worker-25] INFO  o.e.m.c.i.embedder.EclipseLogger - Copying 0 resource
2016-08-17 23:25:18,551 [Worker-25] WARN  o.e.m.c.i.embedder.EclipseLogger - Using platform encoding (UTF-8 actually) to copy filtered resources, i.e. build is platform dependent!
2016-08-17 23:25:18,552 [Worker-25] INFO  o.e.m.c.i.embedder.EclipseLogger - skip non existing resourceDirectory /Users/guanho/Documents/git/pikachu987/TIL/spring/07_MVC_View/01_View/src/test/resources
2016-08-17 23:25:45,216 [Worker-25] WARN  o.e.m.c.i.embedder.EclipseLogger - Using platform encoding (UTF-8 actually) to copy filtered resources, i.e. build is platform dependent!
2016-08-17 23:25:45,218 [Worker-25] INFO  o.e.m.c.i.embedder.EclipseLogger - Copying 0 resource
2016-08-17 23:25:45,219 [Worker-25] WARN  o.e.m.c.i.embedder.EclipseLogger - Using platform encoding (UTF-8 actually) to copy filtered resources, i.e. build is platform dependent!
2016-08-17 23:25:45,220 [Worker-25] INFO  o.e.m.c.i.embedder.EclipseLogger - skip non existing resourceDirectory /Users/guanho/Documents/git/pikachu987/TIL/spring/07_MVC_View/01_View/src/test/resources
2016-08-17 23:25:53,190 [Worker-25] WARN  o.e.m.c.i.embedder.EclipseLogger - Using platform encoding (UTF-8 actually) to copy filtered resources, i.e. build is platform dependent!
2016-08-17 23:25:53,191 [Worker-25] INFO  o.e.m.c.i.embedder.EclipseLogger - Copying 0 resource
2016-08-17 23:25:53,193 [Worker-25] WARN  o.e.m.c.i.embedder.EclipseLogger - Using platform encoding (UTF-8 actually) to copy filtered resources, i.e. build is platform dependent!
2016-08-17 23:25:53,194 [Worker-25] INFO  o.e.m.c.i.embedder.EclipseLogger - skip non existing resourceDirectory /Users/guanho/Documents/git/pikachu987/TIL/spring/07_MVC_View/01_View/src/test/resources
2016-08-17 23:26:04,199 [Worker-20] WARN  o.e.m.c.i.embedder.EclipseLogger - Using platform encoding (UTF-8 actually) to copy filtered resources, i.e. build is platform dependent!
2016-08-17 23:26:04,199 [Worker-20] INFO  o.e.m.c.i.embedder.EclipseLogger - Copying 0 resource
2016-08-17 23:26:04,200 [Worker-20] WARN  o.e.m.c.i.embedder.EclipseLogger - Using platform encoding (UTF-8 actually) to copy filtered resources, i.e. build is platform dependent!
2016-08-17 23:26:04,202 [Worker-20] INFO  o.e.m.c.i.embedder.EclipseLogger - skip non existing resourceDirectory /Users/guanho/Documents/git/pikachu987/TIL/spring/07_MVC_View/01_View/src/test/resources
2016-08-17 23:26:06,379 [Worker-23] WARN  o.e.m.c.i.embedder.EclipseLogger - Using platform encoding (UTF-8 actually) to copy filtered resources, i.e. build is platform dependent!
2016-08-17 23:26:06,379 [Worker-23] INFO  o.e.m.c.i.embedder.EclipseLogger - Copying 0 resource
2016-08-17 23:26:06,381 [Worker-23] WARN  o.e.m.c.i.embedder.EclipseLogger - Using platform encoding (UTF-8 actually) to copy filtered resources, i.e. build is platform dependent!
2016-08-17 23:26:06,381 [Worker-23] INFO  o.e.m.c.i.embedder.EclipseLogger - skip non existing resourceDirectory /Users/guanho/Documents/git/pikachu987/TIL/spring/07_MVC_View/01_View/src/test/resources
2016-08-17 23:26:09,509 [Worker-1] WARN  o.e.m.c.i.embedder.EclipseLogger - Using platform encoding (UTF-8 actually) to copy filtered resources, i.e. build is platform dependent!
2016-08-17 23:26:09,510 [Worker-1] INFO  o.e.m.c.i.embedder.EclipseLogger - Copying 0 resource
2016-08-17 23:26:09,511 [Worker-1] WARN  o.e.m.c.i.embedder.EclipseLogger - Using platform encoding (UTF-8 actually) to copy filtered resources, i.e. build is platform dependent!
2016-08-17 23:26:09,512 [Worker-1] INFO  o.e.m.c.i.embedder.EclipseLogger - skip non existing resourceDirectory /Users/guanho/Documents/git/pikachu987/TIL/spring/07_MVC_View/01_View/src/test/resources
2016-08-17 23:26:19,721 [Worker-0] WARN  o.e.m.c.i.embedder.EclipseLogger - Using platform encoding (UTF-8 actually) to copy filtered resources, i.e. build is platform dependent!
2016-08-17 23:26:19,722 [Worker-0] INFO  o.e.m.c.i.embedder.EclipseLogger - Copying 0 resource
2016-08-17 23:26:19,723 [Worker-0] WARN  o.e.m.c.i.embedder.EclipseLogger - Using platform encoding (UTF-8 actually) to copy filtered resources, i.e. build is platform dependent!
2016-08-17 23:26:19,724 [Worker-0] INFO  o.e.m.c.i.embedder.EclipseLogger - skip non existing resourceDirectory /Users/guanho/Documents/git/pikachu987/TIL/spring/07_MVC_View/01_View/src/test/resources
2016-08-17 23:27:19,038 [Worker-26] WARN  o.e.m.c.i.embedder.EclipseLogger - Using platform encoding (UTF-8 actually) to copy filtered resources, i.e. build is platform dependent!
2016-08-17 23:27:19,039 [Worker-26] INFO  o.e.m.c.i.embedder.EclipseLogger - Copying 0 resource
2016-08-17 23:27:19,040 [Worker-26] WARN  o.e.m.c.i.embedder.EclipseLogger - Using platform encoding (UTF-8 actually) to copy filtered resources, i.e. build is platform dependent!
2016-08-17 23:27:19,041 [Worker-26] INFO  o.e.m.c.i.embedder.EclipseLogger - skip non existing resourceDirectory /Users/guanho/Documents/git/pikachu987/TIL/spring/07_MVC_View/01_View/src/test/resources
2016-08-17 23:27:59,733 [Worker-1] WARN  o.e.m.c.i.embedder.EclipseLogger - Using platform encoding (UTF-8 actually) to copy filtered resources, i.e. build is platform dependent!
2016-08-17 23:27:59,734 [Worker-1] INFO  o.e.m.c.i.embedder.EclipseLogger - Copying 0 resource
2016-08-17 23:27:59,735 [Worker-1] WARN  o.e.m.c.i.embedder.EclipseLogger - Using platform encoding (UTF-8 actually) to copy filtered resources, i.e. build is platform dependent!
2016-08-17 23:27:59,736 [Worker-1] INFO  o.e.m.c.i.embedder.EclipseLogger - skip non existing resourceDirectory /Users/guanho/Documents/git/pikachu987/TIL/spring/07_MVC_View/01_View/src/test/resources
2016-08-17 23:28:36,208 [Worker-0] WARN  o.e.m.c.i.embedder.EclipseLogger - Using platform encoding (UTF-8 actually) to copy filtered resources, i.e. build is platform dependent!
2016-08-17 23:28:36,209 [Worker-0] INFO  o.e.m.c.i.embedder.EclipseLogger - Copying 0 resource
2016-08-17 23:28:36,210 [Worker-0] WARN  o.e.m.c.i.embedder.EclipseLogger - Using platform encoding (UTF-8 actually) to copy filtered resources, i.e. build is platform dependent!
2016-08-17 23:28:36,211 [Worker-0] INFO  o.e.m.c.i.embedder.EclipseLogger - skip non existing resourceDirectory /Users/guanho/Documents/git/pikachu987/TIL/spring/07_MVC_View/01_View/src/test/resources
2016-08-17 23:28:43,407 [Worker-1] WARN  o.e.m.c.i.embedder.EclipseLogger - Using platform encoding (UTF-8 actually) to copy filtered resources, i.e. build is platform dependent!
2016-08-17 23:28:43,408 [Worker-1] INFO  o.e.m.c.i.embedder.EclipseLogger - Copying 0 resource
2016-08-17 23:28:43,408 [Worker-1] WARN  o.e.m.c.i.embedder.EclipseLogger - Using platform encoding (UTF-8 actually) to copy filtered resources, i.e. build is platform dependent!
2016-08-17 23:28:43,409 [Worker-1] INFO  o.e.m.c.i.embedder.EclipseLogger - skip non existing resourceDirectory /Users/guanho/Documents/git/pikachu987/TIL/spring/07_MVC_View/01_View/src/test/resources
2016-08-17 23:29:15,720 [Worker-24] WARN  o.e.m.c.i.embedder.EclipseLogger - Using platform encoding (UTF-8 actually) to copy filtered resources, i.e. build is platform dependent!
2016-08-17 23:29:15,721 [Worker-24] INFO  o.e.m.c.i.embedder.EclipseLogger - Copying 0 resource
2016-08-17 23:29:15,722 [Worker-24] WARN  o.e.m.c.i.embedder.EclipseLogger - Using platform encoding (UTF-8 actually) to copy filtered resources, i.e. build is platform dependent!
2016-08-17 23:29:15,722 [Worker-24] INFO  o.e.m.c.i.embedder.EclipseLogger - skip non existing resourceDirectory /Users/guanho/Documents/git/pikachu987/TIL/spring/07_MVC_View/01_View/src/test/resources
2016-08-17 23:30:14,866 [Worker-21] WARN  o.e.m.c.i.embedder.EclipseLogger - Using platform encoding (UTF-8 actually) to copy filtered resources, i.e. build is platform dependent!
2016-08-17 23:30:14,867 [Worker-21] INFO  o.e.m.c.i.embedder.EclipseLogger - Copying 0 resource
2016-08-17 23:30:14,868 [Worker-21] WARN  o.e.m.c.i.embedder.EclipseLogger - Using platform encoding (UTF-8 actually) to copy filtered resources, i.e. build is platform dependent!
2016-08-17 23:30:14,869 [Worker-21] INFO  o.e.m.c.i.embedder.EclipseLogger - skip non existing resourceDirectory /Users/guanho/Documents/git/pikachu987/TIL/spring/07_MVC_View/01_View/src/test/resources
2016-08-17 23:30:46,637 [Worker-23] WARN  o.e.m.c.i.embedder.EclipseLogger - Using platform encoding (UTF-8 actually) to copy filtered resources, i.e. build is platform dependent!
2016-08-17 23:30:46,638 [Worker-23] INFO  o.e.m.c.i.embedder.EclipseLogger - Copying 0 resource
2016-08-17 23:30:46,639 [Worker-23] WARN  o.e.m.c.i.embedder.EclipseLogger - Using platform encoding (UTF-8 actually) to copy filtered resources, i.e. build is platform dependent!
2016-08-17 23:30:46,640 [Worker-23] INFO  o.e.m.c.i.embedder.EclipseLogger - skip non existing resourceDirectory /Users/guanho/Documents/git/pikachu987/TIL/spring/07_MVC_View/01_View/src/test/resources
2016-08-17 23:30:57,875 [Worker-27] WARN  o.e.m.c.i.embedder.EclipseLogger - Using platform encoding (UTF-8 actually) to copy filtered resources, i.e. build is platform dependent!
2016-08-17 23:30:57,876 [Worker-27] INFO  o.e.m.c.i.embedder.EclipseLogger - Copying 0 resource
2016-08-17 23:30:57,878 [Worker-27] WARN  o.e.m.c.i.embedder.EclipseLogger - Using platform encoding (UTF-8 actually) to copy filtered resources, i.e. build is platform dependent!
2016-08-17 23:30:57,879 [Worker-27] INFO  o.e.m.c.i.embedder.EclipseLogger - skip non existing resourceDirectory /Users/guanho/Documents/git/pikachu987/TIL/spring/07_MVC_View/01_View/src/test/resources
2016-08-17 23:31:05,699 [Worker-24] WARN  o.e.m.c.i.embedder.EclipseLogger - Using platform encoding (UTF-8 actually) to copy filtered resources, i.e. build is platform dependent!
2016-08-17 23:31:05,699 [Worker-24] INFO  o.e.m.c.i.embedder.EclipseLogger - Copying 0 resource
2016-08-17 23:31:05,701 [Worker-24] WARN  o.e.m.c.i.embedder.EclipseLogger - Using platform encoding (UTF-8 actually) to copy filtered resources, i.e. build is platform dependent!
2016-08-17 23:31:05,702 [Worker-24] INFO  o.e.m.c.i.embedder.EclipseLogger - skip non existing resourceDirectory /Users/guanho/Documents/git/pikachu987/TIL/spring/07_MVC_View/01_View/src/test/resources
2016-08-17 23:31:12,425 [Worker-25] WARN  o.e.m.c.i.embedder.EclipseLogger - Using platform encoding (UTF-8 actually) to copy filtered resources, i.e. build is platform dependent!
2016-08-17 23:31:12,426 [Worker-25] INFO  o.e.m.c.i.embedder.EclipseLogger - Copying 0 resource
2016-08-17 23:31:12,427 [Worker-25] WARN  o.e.m.c.i.embedder.EclipseLogger - Using platform encoding (UTF-8 actually) to copy filtered resources, i.e. build is platform dependent!
2016-08-17 23:31:12,427 [Worker-25] INFO  o.e.m.c.i.embedder.EclipseLogger - skip non existing resourceDirectory /Users/guanho/Documents/git/pikachu987/TIL/spring/07_MVC_View/01_View/src/test/resources
2016-08-17 23:31:27,225 [Worker-27] WARN  o.e.m.c.i.embedder.EclipseLogger - Using platform encoding (UTF-8 actually) to copy filtered resources, i.e. build is platform dependent!
2016-08-17 23:31:27,226 [Worker-27] INFO  o.e.m.c.i.embedder.EclipseLogger - Copying 0 resource
2016-08-17 23:31:27,227 [Worker-27] WARN  o.e.m.c.i.embedder.EclipseLogger - Using platform encoding (UTF-8 actually) to copy filtered resources, i.e. build is platform dependent!
2016-08-17 23:31:27,228 [Worker-27] INFO  o.e.m.c.i.embedder.EclipseLogger - skip non existing resourceDirectory /Users/guanho/Documents/git/pikachu987/TIL/spring/07_MVC_View/01_View/src/test/resources
2016-08-17 23:32:32,328 [Worker-21] WARN  o.e.m.c.i.embedder.EclipseLogger - Using platform encoding (UTF-8 actually) to copy filtered resources, i.e. build is platform dependent!
2016-08-17 23:32:32,330 [Worker-21] INFO  o.e.m.c.i.embedder.EclipseLogger - Copying 0 resource
2016-08-17 23:32:32,331 [Worker-21] WARN  o.e.m.c.i.embedder.EclipseLogger - Using platform encoding (UTF-8 actually) to copy filtered resources, i.e. build is platform dependent!
2016-08-17 23:32:32,332 [Worker-21] INFO  o.e.m.c.i.embedder.EclipseLogger - skip non existing resourceDirectory /Users/guanho/Documents/git/pikachu987/TIL/spring/07_MVC_View/01_View/src/test/resources
2016-08-17 23:32:40,360 [Worker-0] WARN  o.e.m.c.i.embedder.EclipseLogger - Using platform encoding (UTF-8 actually) to copy filtered resources, i.e. build is platform dependent!
2016-08-17 23:32:40,361 [Worker-0] INFO  o.e.m.c.i.embedder.EclipseLogger - Copying 0 resource
2016-08-17 23:32:40,362 [Worker-0] WARN  o.e.m.c.i.embedder.EclipseLogger - Using platform encoding (UTF-8 actually) to copy filtered resources, i.e. build is platform dependent!
2016-08-17 23:32:40,363 [Worker-0] INFO  o.e.m.c.i.embedder.EclipseLogger - skip non existing resourceDirectory /Users/guanho/Documents/git/pikachu987/TIL/spring/07_MVC_View/01_View/src/test/resources
2016-08-17 23:33:15,685 [Worker-26] WARN  o.e.m.c.i.embedder.EclipseLogger - Using platform encoding (UTF-8 actually) to copy filtered resources, i.e. build is platform dependent!
2016-08-17 23:33:15,686 [Worker-26] INFO  o.e.m.c.i.embedder.EclipseLogger - Copying 0 resource
2016-08-17 23:33:15,687 [Worker-26] WARN  o.e.m.c.i.embedder.EclipseLogger - Using platform encoding (UTF-8 actually) to copy filtered resources, i.e. build is platform dependent!
2016-08-17 23:33:15,688 [Worker-26] INFO  o.e.m.c.i.embedder.EclipseLogger - skip non existing resourceDirectory /Users/guanho/Documents/git/pikachu987/TIL/spring/07_MVC_View/01_View/src/test/resources
2016-08-17 23:33:41,362 [Worker-27] WARN  o.e.m.c.i.embedder.EclipseLogger - Using platform encoding (UTF-8 actually) to copy filtered resources, i.e. build is platform dependent!
2016-08-17 23:33:41,363 [Worker-27] INFO  o.e.m.c.i.embedder.EclipseLogger - Copying 0 resource
2016-08-17 23:33:41,363 [Worker-27] WARN  o.e.m.c.i.embedder.EclipseLogger - Using platform encoding (UTF-8 actually) to copy filtered resources, i.e. build is platform dependent!
2016-08-17 23:33:41,364 [Worker-27] INFO  o.e.m.c.i.embedder.EclipseLogger - skip non existing resourceDirectory /Users/guanho/Documents/git/pikachu987/TIL/spring/07_MVC_View/01_View/src/test/resources
2016-08-17 23:34:14,324 [Worker-1] WARN  o.e.m.c.i.embedder.EclipseLogger - Using platform encoding (UTF-8 actually) to copy filtered resources, i.e. build is platform dependent!
2016-08-17 23:34:14,325 [Worker-1] INFO  o.e.m.c.i.embedder.EclipseLogger - Copying 0 resource
2016-08-17 23:34:14,326 [Worker-1] WARN  o.e.m.c.i.embedder.EclipseLogger - Using platform encoding (UTF-8 actually) to copy filtered resources, i.e. build is platform dependent!
2016-08-17 23:34:14,327 [Worker-1] INFO  o.e.m.c.i.embedder.EclipseLogger - skip non existing resourceDirectory /Users/guanho/Documents/git/pikachu987/TIL/spring/07_MVC_View/01_View/src/test/resources
2016-08-17 23:34:16,666 [Worker-1] WARN  o.e.m.c.i.embedder.EclipseLogger - Using platform encoding (UTF-8 actually) to copy filtered resources, i.e. build is platform dependent!
2016-08-17 23:34:16,667 [Worker-1] INFO  o.e.m.c.i.embedder.EclipseLogger - Copying 0 resource
2016-08-17 23:34:16,668 [Worker-1] WARN  o.e.m.c.i.embedder.EclipseLogger - Using platform encoding (UTF-8 actually) to copy filtered resources, i.e. build is platform dependent!
2016-08-17 23:34:16,668 [Worker-1] INFO  o.e.m.c.i.embedder.EclipseLogger - skip non existing resourceDirectory /Users/guanho/Documents/git/pikachu987/TIL/spring/07_MVC_View/01_View/src/test/resources
2016-08-17 23:34:52,095 [Worker-20] WARN  o.e.m.c.i.embedder.EclipseLogger - Using platform encoding (UTF-8 actually) to copy filtered resources, i.e. build is platform dependent!
2016-08-17 23:34:52,095 [Worker-20] INFO  o.e.m.c.i.embedder.EclipseLogger - Copying 0 resource
2016-08-17 23:34:52,097 [Worker-20] WARN  o.e.m.c.i.embedder.EclipseLogger - Using platform encoding (UTF-8 actually) to copy filtered resources, i.e. build is platform dependent!
2016-08-17 23:34:52,097 [Worker-20] INFO  o.e.m.c.i.embedder.EclipseLogger - skip non existing resourceDirectory /Users/guanho/Documents/git/pikachu987/TIL/spring/07_MVC_View/01_View/src/test/resources
2016-08-17 23:34:54,129 [Worker-0] WARN  o.e.m.c.i.embedder.EclipseLogger - Using platform encoding (UTF-8 actually) to copy filtered resources, i.e. build is platform dependent!
2016-08-17 23:34:54,129 [Worker-0] INFO  o.e.m.c.i.embedder.EclipseLogger - Copying 0 resource
2016-08-17 23:34:54,130 [Worker-0] WARN  o.e.m.c.i.embedder.EclipseLogger - Using platform encoding (UTF-8 actually) to copy filtered resources, i.e. build is platform dependent!
2016-08-17 23:34:54,131 [Worker-0] INFO  o.e.m.c.i.embedder.EclipseLogger - skip non existing resourceDirectory /Users/guanho/Documents/git/pikachu987/TIL/spring/07_MVC_View/01_View/src/test/resources
2016-08-17 23:34:55,155 [Worker-23] WARN  o.e.m.c.i.embedder.EclipseLogger - Using platform encoding (UTF-8 actually) to copy filtered resources, i.e. build is platform dependent!
2016-08-17 23:34:55,155 [Worker-23] INFO  o.e.m.c.i.embedder.EclipseLogger - Copying 0 resource
2016-08-17 23:34:55,156 [Worker-23] WARN  o.e.m.c.i.embedder.EclipseLogger - Using platform encoding (UTF-8 actually) to copy filtered resources, i.e. build is platform dependent!
2016-08-17 23:34:55,157 [Worker-23] INFO  o.e.m.c.i.embedder.EclipseLogger - skip non existing resourceDirectory /Users/guanho/Documents/git/pikachu987/TIL/spring/07_MVC_View/01_View/src/test/resources
2016-08-17 23:35:41,818 [Worker-21] WARN  o.e.m.c.i.embedder.EclipseLogger - Using platform encoding (UTF-8 actually) to copy filtered resources, i.e. build is platform dependent!
2016-08-17 23:35:41,819 [Worker-21] INFO  o.e.m.c.i.embedder.EclipseLogger - Copying 0 resource
2016-08-17 23:35:41,820 [Worker-21] WARN  o.e.m.c.i.embedder.EclipseLogger - Using platform encoding (UTF-8 actually) to copy filtered resources, i.e. build is platform dependent!
2016-08-17 23:35:41,821 [Worker-21] INFO  o.e.m.c.i.embedder.EclipseLogger - skip non existing resourceDirectory /Users/guanho/Documents/git/pikachu987/TIL/spring/07_MVC_View/01_View/src/test/resources
2016-08-17 23:35:44,436 [Worker-20] WARN  o.e.m.c.i.embedder.EclipseLogger - Using platform encoding (UTF-8 actually) to copy filtered resources, i.e. build is platform dependent!
2016-08-17 23:35:44,437 [Worker-20] INFO  o.e.m.c.i.embedder.EclipseLogger - Copying 0 resource
2016-08-17 23:35:44,438 [Worker-20] WARN  o.e.m.c.i.embedder.EclipseLogger - Using platform encoding (UTF-8 actually) to copy filtered resources, i.e. build is platform dependent!
2016-08-17 23:35:44,438 [Worker-20] INFO  o.e.m.c.i.embedder.EclipseLogger - skip non existing resourceDirectory /Users/guanho/Documents/git/pikachu987/TIL/spring/07_MVC_View/01_View/src/test/resources
2016-08-17 23:35:48,279 [Worker-23] WARN  o.e.m.c.i.embedder.EclipseLogger - Using platform encoding (UTF-8 actually) to copy filtered resources, i.e. build is platform dependent!
2016-08-17 23:35:48,282 [Worker-23] INFO  o.e.m.c.i.embedder.EclipseLogger - Copying 0 resource
2016-08-17 23:35:48,283 [Worker-23] WARN  o.e.m.c.i.embedder.EclipseLogger - Using platform encoding (UTF-8 actually) to copy filtered resources, i.e. build is platform dependent!
2016-08-17 23:35:48,284 [Worker-23] INFO  o.e.m.c.i.embedder.EclipseLogger - skip non existing resourceDirectory /Users/guanho/Documents/git/pikachu987/TIL/spring/07_MVC_View/01_View/src/test/resources
2016-08-17 23:35:52,682 [Worker-21] WARN  o.e.m.c.i.embedder.EclipseLogger - Using platform encoding (UTF-8 actually) to copy filtered resources, i.e. build is platform dependent!
2016-08-17 23:35:52,683 [Worker-21] INFO  o.e.m.c.i.embedder.EclipseLogger - Copying 0 resource
2016-08-17 23:35:52,684 [Worker-21] WARN  o.e.m.c.i.embedder.EclipseLogger - Using platform encoding (UTF-8 actually) to copy filtered resources, i.e. build is platform dependent!
2016-08-17 23:35:52,685 [Worker-21] INFO  o.e.m.c.i.embedder.EclipseLogger - skip non existing resourceDirectory /Users/guanho/Documents/git/pikachu987/TIL/spring/07_MVC_View/01_View/src/test/resources
2016-08-17 23:40:50,487 [Worker-20] WARN  o.e.m.c.i.embedder.EclipseLogger - Using platform encoding (UTF-8 actually) to copy filtered resources, i.e. build is platform dependent!
2016-08-17 23:40:50,488 [Worker-20] INFO  o.e.m.c.i.embedder.EclipseLogger - Copying 0 resource
2016-08-17 23:40:50,489 [Worker-20] WARN  o.e.m.c.i.embedder.EclipseLogger - Using platform encoding (UTF-8 actually) to copy filtered resources, i.e. build is platform dependent!
2016-08-17 23:40:50,489 [Worker-20] INFO  o.e.m.c.i.embedder.EclipseLogger - skip non existing resourceDirectory /Users/guanho/Documents/git/pikachu987/TIL/spring/07_MVC_View/01_View/src/test/resources
2016-08-17 23:41:27,471 [Worker-21] WARN  o.e.m.c.i.embedder.EclipseLogger - Using platform encoding (UTF-8 actually) to copy filtered resources, i.e. build is platform dependent!
2016-08-17 23:41:27,472 [Worker-21] INFO  o.e.m.c.i.embedder.EclipseLogger - Copying 0 resource
2016-08-17 23:41:27,473 [Worker-21] WARN  o.e.m.c.i.embedder.EclipseLogger - Using platform encoding (UTF-8 actually) to copy filtered resources, i.e. build is platform dependent!
2016-08-17 23:41:27,473 [Worker-21] INFO  o.e.m.c.i.embedder.EclipseLogger - skip non existing resourceDirectory /Users/guanho/Documents/git/pikachu987/TIL/spring/07_MVC_View/01_View/src/test/resources
2016-08-17 23:41:42,632 [Worker-24] WARN  o.e.m.c.i.embedder.EclipseLogger - Using platform encoding (UTF-8 actually) to copy filtered resources, i.e. build is platform dependent!
2016-08-17 23:41:42,633 [Worker-24] INFO  o.e.m.c.i.embedder.EclipseLogger - Copying 0 resource
2016-08-17 23:41:42,634 [Worker-24] WARN  o.e.m.c.i.embedder.EclipseLogger - Using platform encoding (UTF-8 actually) to copy filtered resources, i.e. build is platform dependent!
2016-08-17 23:41:42,635 [Worker-24] INFO  o.e.m.c.i.embedder.EclipseLogger - skip non existing resourceDirectory /Users/guanho/Documents/git/pikachu987/TIL/spring/07_MVC_View/01_View/src/test/resources
2016-08-17 23:41:55,155 [Worker-27] WARN  o.e.m.c.i.embedder.EclipseLogger - Using platform encoding (UTF-8 actually) to copy filtered resources, i.e. build is platform dependent!
2016-08-17 23:41:55,155 [Worker-27] INFO  o.e.m.c.i.embedder.EclipseLogger - Copying 0 resource
2016-08-17 23:41:55,156 [Worker-27] WARN  o.e.m.c.i.embedder.EclipseLogger - Using platform encoding (UTF-8 actually) to copy filtered resources, i.e. build is platform dependent!
2016-08-17 23:41:55,156 [Worker-27] INFO  o.e.m.c.i.embedder.EclipseLogger - skip non existing resourceDirectory /Users/guanho/Documents/git/pikachu987/TIL/spring/07_MVC_View/01_View/src/test/resources
2016-08-17 23:42:59,770 [Worker-18] WARN  o.e.m.c.i.embedder.EclipseLogger - Using platform encoding (UTF-8 actually) to copy filtered resources, i.e. build is platform dependent!
2016-08-17 23:42:59,771 [Worker-18] INFO  o.e.m.c.i.embedder.EclipseLogger - Copying 0 resource
2016-08-17 23:42:59,773 [Worker-18] WARN  o.e.m.c.i.embedder.EclipseLogger - Using platform encoding (UTF-8 actually) to copy filtered resources, i.e. build is platform dependent!
2016-08-17 23:42:59,773 [Worker-18] INFO  o.e.m.c.i.embedder.EclipseLogger - skip non existing resourceDirectory /Users/guanho/Documents/git/pikachu987/TIL/spring/07_MVC_View/01_View/src/test/resources
