2016-07-25 22:49:30,293 [Worker-4] INFO  o.e.m.c.i.l.LifecycleMappingFactory - Using org.eclipse.m2e.jdt.JarLifecycleMapping lifecycle mapping for MavenProject: com.company:01_Example:0.0.1-SNAPSHOT @ /Users/guanho/Desktop/gitAdd/03_Environment/01_Environment/pom.xml.
2016-07-25 22:49:31,491 [Worker-4] INFO  o.e.m.j.i.AbstractJavaProjectConfigurator - Adding source folder /01_Environment/src/main/java
2016-07-25 22:49:31,493 [Worker-4] INFO  o.e.m.j.i.AbstractJavaProjectConfigurator - Adding resource folder /01_Environment/src/main/resources
2016-07-25 22:49:31,494 [Worker-4] INFO  o.e.m.j.i.AbstractJavaProjectConfigurator - Adding source folder /01_Environment/src/test/java
2016-07-25 22:49:31,623 [Worker-4] INFO  o.e.m.c.i.p.ProjectConfigurationManager - Imported and configured 1 project(s) in 3 sec
2016-07-25 22:49:32,989 [Worker-15] WARN  o.e.m.c.i.embedder.EclipseLogger - Using platform encoding (UTF-8 actually) to copy filtered resources, i.e. build is platform dependent!
2016-07-25 22:49:33,001 [Worker-15] INFO  o.e.m.c.i.embedder.EclipseLogger - Copying 0 resource
2016-07-25 22:49:33,004 [Worker-15] WARN  o.e.m.c.i.embedder.EclipseLogger - Using platform encoding (UTF-8 actually) to copy filtered resources, i.e. build is platform dependent!
2016-07-25 22:49:33,005 [Worker-15] INFO  o.e.m.c.i.embedder.EclipseLogger - skip non existing resourceDirectory /Users/guanho/Desktop/gitAdd/03_Environment/01_Environment/src/test/resources
2016-07-25 22:49:33,071 [Worker-1] WARN  o.e.m.c.i.embedder.EclipseLogger - Using platform encoding (UTF-8 actually) to copy filtered resources, i.e. build is platform dependent!
2016-07-25 22:49:33,072 [Worker-1] INFO  o.e.m.c.i.embedder.EclipseLogger - Copying 0 resource
2016-07-25 22:49:33,074 [Worker-1] WARN  o.e.m.c.i.embedder.EclipseLogger - Using platform encoding (UTF-8 actually) to copy filtered resources, i.e. build is platform dependent!
2016-07-25 22:49:33,075 [Worker-1] INFO  o.e.m.c.i.embedder.EclipseLogger - skip non existing resourceDirectory /Users/guanho/Desktop/gitAdd/03_Environment/01_Environment/src/test/resources
2016-07-25 22:49:33,122 [Worker-1] WARN  o.e.m.c.i.embedder.EclipseLogger - Using platform encoding (UTF-8 actually) to copy filtered resources, i.e. build is platform dependent!
2016-07-25 22:49:33,123 [Worker-1] INFO  o.e.m.c.i.embedder.EclipseLogger - Copying 0 resource
2016-07-25 22:49:33,125 [Worker-1] WARN  o.e.m.c.i.embedder.EclipseLogger - Using platform encoding (UTF-8 actually) to copy filtered resources, i.e. build is platform dependent!
2016-07-25 22:49:33,126 [Worker-1] INFO  o.e.m.c.i.embedder.EclipseLogger - skip non existing resourceDirectory /Users/guanho/Desktop/gitAdd/03_Environment/01_Environment/src/test/resources
2016-07-25 22:49:33,174 [Worker-10] WARN  o.e.m.c.i.embedder.EclipseLogger - Using platform encoding (UTF-8 actually) to copy filtered resources, i.e. build is platform dependent!
2016-07-25 22:49:33,175 [Worker-10] INFO  o.e.m.c.i.embedder.EclipseLogger - Copying 0 resource
2016-07-25 22:49:33,176 [Worker-10] WARN  o.e.m.c.i.embedder.EclipseLogger - Using platform encoding (UTF-8 actually) to copy filtered resources, i.e. build is platform dependent!
2016-07-25 22:49:33,177 [Worker-10] INFO  o.e.m.c.i.embedder.EclipseLogger - skip non existing resourceDirectory /Users/guanho/Desktop/gitAdd/03_Environment/01_Environment/src/test/resources
2016-07-25 22:49:33,226 [Worker-4] WARN  o.e.m.c.i.embedder.EclipseLogger - Using platform encoding (UTF-8 actually) to copy filtered resources, i.e. build is platform dependent!
2016-07-25 22:49:33,227 [Worker-4] INFO  o.e.m.c.i.embedder.EclipseLogger - Copying 0 resource
2016-07-25 22:49:33,228 [Worker-4] WARN  o.e.m.c.i.embedder.EclipseLogger - Using platform encoding (UTF-8 actually) to copy filtered resources, i.e. build is platform dependent!
2016-07-25 22:49:33,229 [Worker-4] INFO  o.e.m.c.i.embedder.EclipseLogger - skip non existing resourceDirectory /Users/guanho/Desktop/gitAdd/03_Environment/01_Environment/src/test/resources
2016-07-25 22:49:33,270 [Worker-12] WARN  o.e.m.c.i.embedder.EclipseLogger - Using platform encoding (UTF-8 actually) to copy filtered resources, i.e. build is platform dependent!
2016-07-25 22:49:33,271 [Worker-12] INFO  o.e.m.c.i.embedder.EclipseLogger - Copying 0 resource
2016-07-25 22:49:33,273 [Worker-12] WARN  o.e.m.c.i.embedder.EclipseLogger - Using platform encoding (UTF-8 actually) to copy filtered resources, i.e. build is platform dependent!
2016-07-25 22:49:33,273 [Worker-12] INFO  o.e.m.c.i.embedder.EclipseLogger - skip non existing resourceDirectory /Users/guanho/Desktop/gitAdd/03_Environment/01_Environment/src/test/resources
2016-07-25 23:11:29,671 [Worker-25] WARN  o.e.m.c.i.embedder.EclipseLogger - Using platform encoding (UTF-8 actually) to copy filtered resources, i.e. build is platform dependent!
2016-07-25 23:11:29,674 [Worker-25] INFO  o.e.m.c.i.embedder.EclipseLogger - Copying 0 resource
2016-07-25 23:11:29,676 [Worker-25] WARN  o.e.m.c.i.embedder.EclipseLogger - Using platform encoding (UTF-8 actually) to copy filtered resources, i.e. build is platform dependent!
2016-07-25 23:11:29,676 [Worker-25] INFO  o.e.m.c.i.embedder.EclipseLogger - skip non existing resourceDirectory /Users/guanho/Desktop/gitAdd/03_Environment/01_Environment/src/test/resources
2016-07-27 23:20:57,774 [Worker-1] WARN  o.e.m.c.i.embedder.EclipseLogger - Using platform encoding (UTF-8 actually) to copy filtered resources, i.e. build is platform dependent!
2016-07-27 23:20:57,790 [Worker-1] INFO  o.e.m.c.i.embedder.EclipseLogger - Copying 0 resource
2016-07-27 23:20:57,794 [Worker-1] WARN  o.e.m.c.i.embedder.EclipseLogger - Using platform encoding (UTF-8 actually) to copy filtered resources, i.e. build is platform dependent!
2016-07-27 23:20:57,794 [Worker-1] INFO  o.e.m.c.i.embedder.EclipseLogger - skip non existing resourceDirectory /Users/guanho/Documents/git/TIL/spring/03_Environment/01_Environment/src/test/resources
2016-07-27 23:25:55,908 [Worker-13] WARN  o.e.m.c.i.embedder.EclipseLogger - Using platform encoding (UTF-8 actually) to copy filtered resources, i.e. build is platform dependent!
2016-07-27 23:25:55,918 [Worker-13] INFO  o.e.m.c.i.embedder.EclipseLogger - Copying 0 resource
2016-07-27 23:25:55,924 [Worker-13] WARN  o.e.m.c.i.embedder.EclipseLogger - Using platform encoding (UTF-8 actually) to copy filtered resources, i.e. build is platform dependent!
2016-07-27 23:25:55,927 [Worker-13] INFO  o.e.m.c.i.embedder.EclipseLogger - skip non existing resourceDirectory /Users/guanho/Documents/git/TIL/spring/03_Environment/01_Environment/src/test/resources
2016-07-27 23:27:08,292 [Worker-20] WARN  o.e.m.c.i.embedder.EclipseLogger - Using platform encoding (UTF-8 actually) to copy filtered resources, i.e. build is platform dependent!
2016-07-27 23:27:08,293 [Worker-20] INFO  o.e.m.c.i.embedder.EclipseLogger - Copying 0 resource
2016-07-27 23:27:08,295 [Worker-20] WARN  o.e.m.c.i.embedder.EclipseLogger - Using platform encoding (UTF-8 actually) to copy filtered resources, i.e. build is platform dependent!
2016-07-27 23:27:08,296 [Worker-20] INFO  o.e.m.c.i.embedder.EclipseLogger - skip non existing resourceDirectory /Users/guanho/Documents/git/TIL/spring/03_Environment/01_Environment/src/test/resources
2016-07-27 23:27:14,197 [Worker-19] WARN  o.e.m.c.i.embedder.EclipseLogger - Using platform encoding (UTF-8 actually) to copy filtered resources, i.e. build is platform dependent!
2016-07-27 23:27:14,198 [Worker-19] INFO  o.e.m.c.i.embedder.EclipseLogger - Copying 0 resource
2016-07-27 23:27:14,199 [Worker-19] WARN  o.e.m.c.i.embedder.EclipseLogger - Using platform encoding (UTF-8 actually) to copy filtered resources, i.e. build is platform dependent!
2016-07-27 23:27:14,200 [Worker-19] INFO  o.e.m.c.i.embedder.EclipseLogger - skip non existing resourceDirectory /Users/guanho/Documents/git/TIL/spring/03_Environment/01_Environment/src/test/resources
2016-07-27 23:28:07,921 [Worker-3] WARN  o.e.m.c.i.embedder.EclipseLogger - Using platform encoding (UTF-8 actually) to copy filtered resources, i.e. build is platform dependent!
2016-07-27 23:28:07,924 [Worker-3] INFO  o.e.m.c.i.embedder.EclipseLogger - Copying 1 resource
2016-07-27 23:28:07,934 [Worker-3] WARN  o.e.m.c.i.embedder.EclipseLogger - Using platform encoding (UTF-8 actually) to copy filtered resources, i.e. build is platform dependent!
2016-07-27 23:28:07,935 [Worker-3] INFO  o.e.m.c.i.embedder.EclipseLogger - skip non existing resourceDirectory /Users/guanho/Documents/git/TIL/spring/03_Environment/01_Environment/src/test/resources
2016-07-27 23:28:46,093 [Worker-21] WARN  o.e.m.c.i.embedder.EclipseLogger - Using platform encoding (UTF-8 actually) to copy filtered resources, i.e. build is platform dependent!
2016-07-27 23:28:46,094 [Worker-21] INFO  o.e.m.c.i.embedder.EclipseLogger - Copying 1 resource
2016-07-27 23:28:46,096 [Worker-21] WARN  o.e.m.c.i.embedder.EclipseLogger - Using platform encoding (UTF-8 actually) to copy filtered resources, i.e. build is platform dependent!
2016-07-27 23:28:46,097 [Worker-21] INFO  o.e.m.c.i.embedder.EclipseLogger - skip non existing resourceDirectory /Users/guanho/Documents/git/TIL/spring/03_Environment/01_Environment/src/test/resources
2016-07-27 23:28:56,762 [Worker-13] WARN  o.e.m.c.i.embedder.EclipseLogger - Using platform encoding (UTF-8 actually) to copy filtered resources, i.e. build is platform dependent!
2016-07-27 23:28:56,762 [Worker-13] INFO  o.e.m.c.i.embedder.EclipseLogger - Copying 0 resource
2016-07-27 23:28:56,764 [Worker-13] WARN  o.e.m.c.i.embedder.EclipseLogger - Using platform encoding (UTF-8 actually) to copy filtered resources, i.e. build is platform dependent!
2016-07-27 23:28:56,764 [Worker-13] INFO  o.e.m.c.i.embedder.EclipseLogger - skip non existing resourceDirectory /Users/guanho/Documents/git/TIL/spring/03_Environment/01_Environment/src/test/resources
2016-07-27 23:30:22,778 [Worker-15] WARN  o.e.m.c.i.embedder.EclipseLogger - Using platform encoding (UTF-8 actually) to copy filtered resources, i.e. build is platform dependent!
2016-07-27 23:30:22,779 [Worker-15] INFO  o.e.m.c.i.embedder.EclipseLogger - Copying 1 resource
2016-07-27 23:30:22,783 [Worker-15] WARN  o.e.m.c.i.embedder.EclipseLogger - Using platform encoding (UTF-8 actually) to copy filtered resources, i.e. build is platform dependent!
2016-07-27 23:30:22,785 [Worker-15] INFO  o.e.m.c.i.embedder.EclipseLogger - skip non existing resourceDirectory /Users/guanho/Documents/git/TIL/spring/03_Environment/01_Environment/src/test/resources
2016-07-27 23:31:04,966 [Worker-4] WARN  o.e.m.c.i.embedder.EclipseLogger - Using platform encoding (UTF-8 actually) to copy filtered resources, i.e. build is platform dependent!
2016-07-27 23:31:04,967 [Worker-4] INFO  o.e.m.c.i.embedder.EclipseLogger - Copying 1 resource
2016-07-27 23:31:04,969 [Worker-4] WARN  o.e.m.c.i.embedder.EclipseLogger - Using platform encoding (UTF-8 actually) to copy filtered resources, i.e. build is platform dependent!
2016-07-27 23:31:04,969 [Worker-4] INFO  o.e.m.c.i.embedder.EclipseLogger - skip non existing resourceDirectory /Users/guanho/Documents/git/TIL/spring/03_Environment/01_Environment/src/test/resources
2016-07-27 23:31:21,197 [Worker-21] WARN  o.e.m.c.i.embedder.EclipseLogger - Using platform encoding (UTF-8 actually) to copy filtered resources, i.e. build is platform dependent!
2016-07-27 23:31:21,198 [Worker-21] INFO  o.e.m.c.i.embedder.EclipseLogger - Copying 1 resource
2016-07-27 23:31:21,200 [Worker-21] WARN  o.e.m.c.i.embedder.EclipseLogger - Using platform encoding (UTF-8 actually) to copy filtered resources, i.e. build is platform dependent!
2016-07-27 23:31:21,200 [Worker-21] INFO  o.e.m.c.i.embedder.EclipseLogger - skip non existing resourceDirectory /Users/guanho/Documents/git/TIL/spring/03_Environment/01_Environment/src/test/resources
2016-07-27 23:32:42,183 [Worker-3] WARN  o.e.m.c.i.embedder.EclipseLogger - Using platform encoding (UTF-8 actually) to copy filtered resources, i.e. build is platform dependent!
2016-07-27 23:32:42,183 [Worker-3] INFO  o.e.m.c.i.embedder.EclipseLogger - Copying 1 resource
2016-07-27 23:32:42,185 [Worker-3] WARN  o.e.m.c.i.embedder.EclipseLogger - Using platform encoding (UTF-8 actually) to copy filtered resources, i.e. build is platform dependent!
2016-07-27 23:32:42,186 [Worker-3] INFO  o.e.m.c.i.embedder.EclipseLogger - skip non existing resourceDirectory /Users/guanho/Documents/git/TIL/spring/03_Environment/01_Environment/src/test/resources
2016-07-27 23:33:13,058 [Worker-15] WARN  o.e.m.c.i.embedder.EclipseLogger - Using platform encoding (UTF-8 actually) to copy filtered resources, i.e. build is platform dependent!
2016-07-27 23:33:13,059 [Worker-15] INFO  o.e.m.c.i.embedder.EclipseLogger - Copying 1 resource
2016-07-27 23:33:13,061 [Worker-15] WARN  o.e.m.c.i.embedder.EclipseLogger - Using platform encoding (UTF-8 actually) to copy filtered resources, i.e. build is platform dependent!
2016-07-27 23:33:13,062 [Worker-15] INFO  o.e.m.c.i.embedder.EclipseLogger - skip non existing resourceDirectory /Users/guanho/Documents/git/TIL/spring/03_Environment/01_Environment/src/test/resources
2016-07-27 23:34:47,595 [Worker-3] WARN  o.e.m.c.i.embedder.EclipseLogger - Using platform encoding (UTF-8 actually) to copy filtered resources, i.e. build is platform dependent!
2016-07-27 23:34:47,596 [Worker-3] INFO  o.e.m.c.i.embedder.EclipseLogger - Copying 1 resource
2016-07-27 23:34:47,598 [Worker-3] WARN  o.e.m.c.i.embedder.EclipseLogger - Using platform encoding (UTF-8 actually) to copy filtered resources, i.e. build is platform dependent!
2016-07-27 23:34:47,598 [Worker-3] INFO  o.e.m.c.i.embedder.EclipseLogger - skip non existing resourceDirectory /Users/guanho/Documents/git/TIL/spring/03_Environment/01_Environment/src/test/resources
2016-07-27 23:35:12,822 [Worker-22] WARN  o.e.m.c.i.embedder.EclipseLogger - Using platform encoding (UTF-8 actually) to copy filtered resources, i.e. build is platform dependent!
2016-07-27 23:35:12,823 [Worker-22] INFO  o.e.m.c.i.embedder.EclipseLogger - Copying 0 resource
2016-07-27 23:35:12,824 [Worker-22] WARN  o.e.m.c.i.embedder.EclipseLogger - Using platform encoding (UTF-8 actually) to copy filtered resources, i.e. build is platform dependent!
2016-07-27 23:35:12,824 [Worker-22] INFO  o.e.m.c.i.embedder.EclipseLogger - skip non existing resourceDirectory /Users/guanho/Documents/git/TIL/spring/03_Environment/01_Environment/src/test/resources
2016-07-27 23:37:36,924 [Worker-22] WARN  o.e.m.c.i.embedder.EclipseLogger - Using platform encoding (UTF-8 actually) to copy filtered resources, i.e. build is platform dependent!
2016-07-27 23:37:36,926 [Worker-22] INFO  o.e.m.c.i.embedder.EclipseLogger - Copying 1 resource
2016-07-27 23:37:36,927 [Worker-22] WARN  o.e.m.c.i.embedder.EclipseLogger - Using platform encoding (UTF-8 actually) to copy filtered resources, i.e. build is platform dependent!
2016-07-27 23:37:36,928 [Worker-22] INFO  o.e.m.c.i.embedder.EclipseLogger - skip non existing resourceDirectory /Users/guanho/Documents/git/TIL/spring/03_Environment/01_Environment/src/test/resources
2016-07-27 23:38:04,432 [Worker-15] WARN  o.e.m.c.i.embedder.EclipseLogger - Using platform encoding (UTF-8 actually) to copy filtered resources, i.e. build is platform dependent!
2016-07-27 23:38:04,433 [Worker-15] INFO  o.e.m.c.i.embedder.EclipseLogger - Copying 1 resource
2016-07-27 23:38:04,438 [Worker-15] WARN  o.e.m.c.i.embedder.EclipseLogger - Using platform encoding (UTF-8 actually) to copy filtered resources, i.e. build is platform dependent!
2016-07-27 23:38:04,439 [Worker-15] INFO  o.e.m.c.i.embedder.EclipseLogger - skip non existing resourceDirectory /Users/guanho/Documents/git/TIL/spring/03_Environment/01_Environment/src/test/resources
2016-07-27 23:39:01,025 [Worker-4] WARN  o.e.m.c.i.embedder.EclipseLogger - Using platform encoding (UTF-8 actually) to copy filtered resources, i.e. build is platform dependent!
2016-07-27 23:39:01,026 [Worker-4] INFO  o.e.m.c.i.embedder.EclipseLogger - Copying 1 resource
2016-07-27 23:39:01,028 [Worker-4] WARN  o.e.m.c.i.embedder.EclipseLogger - Using platform encoding (UTF-8 actually) to copy filtered resources, i.e. build is platform dependent!
2016-07-27 23:39:01,028 [Worker-4] INFO  o.e.m.c.i.embedder.EclipseLogger - skip non existing resourceDirectory /Users/guanho/Documents/git/TIL/spring/03_Environment/01_Environment/src/test/resources
2016-07-27 23:39:05,396 [Worker-15] WARN  o.e.m.c.i.embedder.EclipseLogger - Using platform encoding (UTF-8 actually) to copy filtered resources, i.e. build is platform dependent!
2016-07-27 23:39:05,397 [Worker-15] INFO  o.e.m.c.i.embedder.EclipseLogger - Copying 1 resource
2016-07-27 23:39:05,399 [Worker-15] WARN  o.e.m.c.i.embedder.EclipseLogger - Using platform encoding (UTF-8 actually) to copy filtered resources, i.e. build is platform dependent!
2016-07-27 23:39:05,400 [Worker-15] INFO  o.e.m.c.i.embedder.EclipseLogger - skip non existing resourceDirectory /Users/guanho/Documents/git/TIL/spring/03_Environment/01_Environment/src/test/resources
2016-07-27 23:59:43,829 [Worker-24] WARN  o.e.m.c.i.embedder.EclipseLogger - Using platform encoding (UTF-8 actually) to copy filtered resources, i.e. build is platform dependent!
2016-07-27 23:59:43,834 [Worker-24] INFO  o.e.m.c.i.embedder.EclipseLogger - Copying 1 resource
2016-07-27 23:59:43,835 [Worker-24] WARN  o.e.m.c.i.embedder.EclipseLogger - Using platform encoding (UTF-8 actually) to copy filtered resources, i.e. build is platform dependent!
2016-07-27 23:59:43,836 [Worker-24] INFO  o.e.m.c.i.embedder.EclipseLogger - skip non existing resourceDirectory /Users/guanho/Documents/git/TIL/spring/03_Environment/01_Environment/src/test/resources
2016-07-28 00:00:19,077 [Worker-22] WARN  o.e.m.c.i.embedder.EclipseLogger - Using platform encoding (UTF-8 actually) to copy filtered resources, i.e. build is platform dependent!
2016-07-28 00:00:19,078 [Worker-22] INFO  o.e.m.c.i.embedder.EclipseLogger - Copying 1 resource
2016-07-28 00:00:19,080 [Worker-22] WARN  o.e.m.c.i.embedder.EclipseLogger - Using platform encoding (UTF-8 actually) to copy filtered resources, i.e. build is platform dependent!
2016-07-28 00:00:19,081 [Worker-22] INFO  o.e.m.c.i.embedder.EclipseLogger - skip non existing resourceDirectory /Users/guanho/Documents/git/TIL/spring/03_Environment/01_Environment/src/test/resources
2016-07-28 00:00:25,513 [Worker-23] WARN  o.e.m.c.i.embedder.EclipseLogger - Using platform encoding (UTF-8 actually) to copy filtered resources, i.e. build is platform dependent!
2016-07-28 00:00:25,514 [Worker-23] INFO  o.e.m.c.i.embedder.EclipseLogger - Copying 1 resource
2016-07-28 00:00:25,515 [Worker-23] WARN  o.e.m.c.i.embedder.EclipseLogger - Using platform encoding (UTF-8 actually) to copy filtered resources, i.e. build is platform dependent!
2016-07-28 00:00:25,516 [Worker-23] INFO  o.e.m.c.i.embedder.EclipseLogger - skip non existing resourceDirectory /Users/guanho/Documents/git/TIL/spring/03_Environment/01_Environment/src/test/resources
2016-07-28 00:00:57,665 [Worker-15] WARN  o.e.m.c.i.embedder.EclipseLogger - Using platform encoding (UTF-8 actually) to copy filtered resources, i.e. build is platform dependent!
2016-07-28 00:00:57,665 [Worker-15] INFO  o.e.m.c.i.embedder.EclipseLogger - Copying 1 resource
2016-07-28 00:00:57,667 [Worker-15] WARN  o.e.m.c.i.embedder.EclipseLogger - Using platform encoding (UTF-8 actually) to copy filtered resources, i.e. build is platform dependent!
2016-07-28 00:00:57,667 [Worker-15] INFO  o.e.m.c.i.embedder.EclipseLogger - skip non existing resourceDirectory /Users/guanho/Documents/git/TIL/spring/03_Environment/01_Environment/src/test/resources
2016-07-28 00:01:44,344 [Worker-22] WARN  o.e.m.c.i.embedder.EclipseLogger - Using platform encoding (UTF-8 actually) to copy filtered resources, i.e. build is platform dependent!
2016-07-28 00:01:44,345 [Worker-22] INFO  o.e.m.c.i.embedder.EclipseLogger - Copying 1 resource
2016-07-28 00:01:44,347 [Worker-22] WARN  o.e.m.c.i.embedder.EclipseLogger - Using platform encoding (UTF-8 actually) to copy filtered resources, i.e. build is platform dependent!
2016-07-28 00:01:44,348 [Worker-22] INFO  o.e.m.c.i.embedder.EclipseLogger - skip non existing resourceDirectory /Users/guanho/Documents/git/TIL/spring/03_Environment/01_Environment/src/test/resources
2016-07-28 00:01:45,367 [Worker-26] WARN  o.e.m.c.i.embedder.EclipseLogger - Using platform encoding (UTF-8 actually) to copy filtered resources, i.e. build is platform dependent!
2016-07-28 00:01:45,368 [Worker-26] INFO  o.e.m.c.i.embedder.EclipseLogger - Copying 0 resource
2016-07-28 00:01:45,369 [Worker-26] WARN  o.e.m.c.i.embedder.EclipseLogger - Using platform encoding (UTF-8 actually) to copy filtered resources, i.e. build is platform dependent!
2016-07-28 00:01:45,370 [Worker-26] INFO  o.e.m.c.i.embedder.EclipseLogger - skip non existing resourceDirectory /Users/guanho/Documents/git/TIL/spring/03_Environment/01_Environment/src/test/resources
2016-07-28 00:03:10,594 [Worker-15] WARN  o.e.m.c.i.embedder.EclipseLogger - Using platform encoding (UTF-8 actually) to copy filtered resources, i.e. build is platform dependent!
2016-07-28 00:03:10,595 [Worker-15] INFO  o.e.m.c.i.embedder.EclipseLogger - Copying 1 resource
2016-07-28 00:03:10,597 [Worker-15] WARN  o.e.m.c.i.embedder.EclipseLogger - Using platform encoding (UTF-8 actually) to copy filtered resources, i.e. build is platform dependent!
2016-07-28 00:03:10,597 [Worker-15] INFO  o.e.m.c.i.embedder.EclipseLogger - skip non existing resourceDirectory /Users/guanho/Documents/git/TIL/spring/03_Environment/01_Environment/src/test/resources
2016-07-28 19:12:14,084 [Worker-8] WARN  o.e.m.c.i.embedder.EclipseLogger - Using platform encoding (UTF-8 actually) to copy filtered resources, i.e. build is platform dependent!
2016-07-28 19:12:14,094 [Worker-8] INFO  o.e.m.c.i.embedder.EclipseLogger - Copying 2 resources
2016-07-28 19:12:14,102 [Worker-8] WARN  o.e.m.c.i.embedder.EclipseLogger - Using platform encoding (UTF-8 actually) to copy filtered resources, i.e. build is platform dependent!
2016-07-28 19:12:14,102 [Worker-8] INFO  o.e.m.c.i.embedder.EclipseLogger - skip non existing resourceDirectory /Users/guanho/Documents/git/TIL/spring/03_Environment/01_Environment/src/test/resources
2016-07-28 19:14:22,022 [Worker-18] WARN  o.e.m.c.i.embedder.EclipseLogger - Using platform encoding (UTF-8 actually) to copy filtered resources, i.e. build is platform dependent!
2016-07-28 19:14:22,032 [Worker-18] INFO  o.e.m.c.i.embedder.EclipseLogger - Copying 0 resource
2016-07-28 19:14:22,034 [Worker-18] WARN  o.e.m.c.i.embedder.EclipseLogger - Using platform encoding (UTF-8 actually) to copy filtered resources, i.e. build is platform dependent!
2016-07-28 19:14:22,034 [Worker-18] INFO  o.e.m.c.i.embedder.EclipseLogger - skip non existing resourceDirectory /Users/guanho/Documents/git/TIL/spring/03_Environment/01_Environment/src/test/resources
2016-07-28 19:14:43,212 [Worker-8] WARN  o.e.m.c.i.embedder.EclipseLogger - Using platform encoding (UTF-8 actually) to copy filtered resources, i.e. build is platform dependent!
2016-07-28 19:14:43,213 [Worker-8] INFO  o.e.m.c.i.embedder.EclipseLogger - Copying 0 resource
2016-07-28 19:14:43,215 [Worker-8] WARN  o.e.m.c.i.embedder.EclipseLogger - Using platform encoding (UTF-8 actually) to copy filtered resources, i.e. build is platform dependent!
2016-07-28 19:14:43,216 [Worker-8] INFO  o.e.m.c.i.embedder.EclipseLogger - skip non existing resourceDirectory /Users/guanho/Documents/git/TIL/spring/03_Environment/01_Environment/src/test/resources
2016-07-28 20:28:21,869 [Worker-51] WARN  o.e.m.c.i.embedder.EclipseLogger - Using platform encoding (UTF-8 actually) to copy filtered resources, i.e. build is platform dependent!
2016-07-28 20:28:21,903 [Worker-51] INFO  o.e.m.c.i.embedder.EclipseLogger - Copying 2 resources
2016-07-28 20:28:21,906 [Worker-51] WARN  o.e.m.c.i.embedder.EclipseLogger - Using platform encoding (UTF-8 actually) to copy filtered resources, i.e. build is platform dependent!
2016-07-28 20:28:21,907 [Worker-51] INFO  o.e.m.c.i.embedder.EclipseLogger - skip non existing resourceDirectory /Users/guanho/Documents/git/TIL/spring/03_Environment/01_Environment/src/test/resources
2016-07-28 20:28:27,610 [Worker-53] WARN  o.e.m.c.i.embedder.EclipseLogger - Using platform encoding (UTF-8 actually) to copy filtered resources, i.e. build is platform dependent!
2016-07-28 20:28:27,612 [Worker-53] INFO  o.e.m.c.i.embedder.EclipseLogger - Copying 2 resources
2016-07-28 20:28:27,614 [Worker-53] WARN  o.e.m.c.i.embedder.EclipseLogger - Using platform encoding (UTF-8 actually) to copy filtered resources, i.e. build is platform dependent!
2016-07-28 20:28:27,614 [Worker-53] INFO  o.e.m.c.i.embedder.EclipseLogger - skip non existing resourceDirectory /Users/guanho/Documents/git/TIL/spring/03_Environment/01_Environment/src/test/resources
2016-07-28 20:28:43,071 [Worker-54] WARN  o.e.m.c.i.embedder.EclipseLogger - Using platform encoding (UTF-8 actually) to copy filtered resources, i.e. build is platform dependent!
2016-07-28 20:28:43,072 [Worker-54] INFO  o.e.m.c.i.embedder.EclipseLogger - Copying 2 resources
2016-07-28 20:28:43,074 [Worker-54] WARN  o.e.m.c.i.embedder.EclipseLogger - Using platform encoding (UTF-8 actually) to copy filtered resources, i.e. build is platform dependent!
2016-07-28 20:28:43,075 [Worker-54] INFO  o.e.m.c.i.embedder.EclipseLogger - skip non existing resourceDirectory /Users/guanho/Documents/git/TIL/spring/03_Environment/01_Environment/src/test/resources
2016-07-28 20:28:47,361 [Worker-49] WARN  o.e.m.c.i.embedder.EclipseLogger - Using platform encoding (UTF-8 actually) to copy filtered resources, i.e. build is platform dependent!
2016-07-28 20:28:47,362 [Worker-49] INFO  o.e.m.c.i.embedder.EclipseLogger - Copying 2 resources
2016-07-28 20:28:47,364 [Worker-49] WARN  o.e.m.c.i.embedder.EclipseLogger - Using platform encoding (UTF-8 actually) to copy filtered resources, i.e. build is platform dependent!
2016-07-28 20:28:47,365 [Worker-49] INFO  o.e.m.c.i.embedder.EclipseLogger - skip non existing resourceDirectory /Users/guanho/Documents/git/TIL/spring/03_Environment/01_Environment/src/test/resources
2016-07-28 20:30:12,165 [Worker-51] WARN  o.e.m.c.i.embedder.EclipseLogger - Using platform encoding (UTF-8 actually) to copy filtered resources, i.e. build is platform dependent!
2016-07-28 20:30:12,167 [Worker-51] INFO  o.e.m.c.i.embedder.EclipseLogger - Copying 2 resources
2016-07-28 20:30:12,168 [Worker-51] WARN  o.e.m.c.i.embedder.EclipseLogger - Using platform encoding (UTF-8 actually) to copy filtered resources, i.e. build is platform dependent!
2016-07-28 20:30:12,168 [Worker-51] INFO  o.e.m.c.i.embedder.EclipseLogger - skip non existing resourceDirectory /Users/guanho/Documents/git/TIL/spring/03_Environment/01_Environment/src/test/resources
2016-07-28 20:38:22,325 [Worker-61] WARN  o.e.m.c.i.embedder.EclipseLogger - Using platform encoding (UTF-8 actually) to copy filtered resources, i.e. build is platform dependent!
2016-07-28 20:38:22,326 [Worker-61] INFO  o.e.m.c.i.embedder.EclipseLogger - Copying 2 resources
2016-07-28 20:38:22,328 [Worker-61] WARN  o.e.m.c.i.embedder.EclipseLogger - Using platform encoding (UTF-8 actually) to copy filtered resources, i.e. build is platform dependent!
2016-07-28 20:38:22,328 [Worker-61] INFO  o.e.m.c.i.embedder.EclipseLogger - skip non existing resourceDirectory /Users/guanho/Documents/git/TIL/spring/03_Environment/01_Environment/src/test/resources
2016-07-28 20:45:26,942 [Worker-64] WARN  o.e.m.c.i.embedder.EclipseLogger - Using platform encoding (UTF-8 actually) to copy filtered resources, i.e. build is platform dependent!
2016-07-28 20:45:26,943 [Worker-64] INFO  o.e.m.c.i.embedder.EclipseLogger - Copying 2 resources
2016-07-28 20:45:26,945 [Worker-64] WARN  o.e.m.c.i.embedder.EclipseLogger - Using platform encoding (UTF-8 actually) to copy filtered resources, i.e. build is platform dependent!
2016-07-28 20:45:26,945 [Worker-64] INFO  o.e.m.c.i.embedder.EclipseLogger - skip non existing resourceDirectory /Users/guanho/Documents/git/TIL/spring/03_Environment/01_Environment/src/test/resources
2016-07-28 20:46:20,078 [Worker-53] INFO  o.e.m.c.i.l.LifecycleMappingFactory - Using org.eclipse.m2e.jdt.JarLifecycleMapping lifecycle mapping for MavenProject: com.company:01_Example:0.0.1-SNAPSHOT @ /Users/guanho/Documents/git/TIL/spring/03_Environment/02_Profile/pom.xml.
2016-07-28 20:46:20,252 [Worker-53] INFO  o.e.m.j.i.AbstractJavaProjectConfigurator - Adding source folder /02_Profile/src/main/java
2016-07-28 20:46:20,253 [Worker-53] INFO  o.e.m.j.i.AbstractJavaProjectConfigurator - Adding resource folder /02_Profile/src/main/resources
2016-07-28 20:46:20,253 [Worker-53] INFO  o.e.m.j.i.AbstractJavaProjectConfigurator - Adding source folder /02_Profile/src/test/java
2016-07-28 20:46:20,372 [Worker-53] INFO  o.e.m.c.i.p.ProjectConfigurationManager - Imported and configured 1 project(s) in 1 sec
2016-07-28 20:46:21,165 [Worker-61] WARN  o.e.m.c.i.embedder.EclipseLogger - Using platform encoding (UTF-8 actually) to copy filtered resources, i.e. build is platform dependent!
2016-07-28 20:46:21,166 [Worker-61] INFO  o.e.m.c.i.embedder.EclipseLogger - Copying 0 resource
2016-07-28 20:46:21,170 [Worker-61] WARN  o.e.m.c.i.embedder.EclipseLogger - Using platform encoding (UTF-8 actually) to copy filtered resources, i.e. build is platform dependent!
2016-07-28 20:46:21,171 [Worker-61] INFO  o.e.m.c.i.embedder.EclipseLogger - skip non existing resourceDirectory /Users/guanho/Documents/git/TIL/spring/03_Environment/02_Profile/src/test/resources
2016-07-28 20:47:34,367 [Worker-65] INFO  o.e.m.c.i.l.LifecycleMappingFactory - Using org.eclipse.m2e.jdt.JarLifecycleMapping lifecycle mapping for MavenProject: com.company:02_Profile:0.0.1-SNAPSHOT @ /Users/guanho/Documents/git/TIL/spring/03_Environment/02_Profile/pom.xml.
2016-07-28 20:47:34,462 [Worker-65] WARN  o.e.m.c.i.embedder.EclipseLogger - Using platform encoding (UTF-8 actually) to copy filtered resources, i.e. build is platform dependent!
2016-07-28 20:47:34,463 [Worker-65] INFO  o.e.m.c.i.embedder.EclipseLogger - Copying 0 resource
2016-07-28 20:47:34,464 [Worker-65] WARN  o.e.m.c.i.embedder.EclipseLogger - Using platform encoding (UTF-8 actually) to copy filtered resources, i.e. build is platform dependent!
2016-07-28 20:47:34,465 [Worker-65] INFO  o.e.m.c.i.embedder.EclipseLogger - skip non existing resourceDirectory /Users/guanho/Documents/git/TIL/spring/03_Environment/02_Profile/src/test/resources
2016-07-28 20:47:36,583 [Worker-65] WARN  o.e.m.c.i.embedder.EclipseLogger - Using platform encoding (UTF-8 actually) to copy filtered resources, i.e. build is platform dependent!
2016-07-28 20:47:36,583 [Worker-65] INFO  o.e.m.c.i.embedder.EclipseLogger - Copying 0 resource
2016-07-28 20:47:36,584 [Worker-65] WARN  o.e.m.c.i.embedder.EclipseLogger - Using platform encoding (UTF-8 actually) to copy filtered resources, i.e. build is platform dependent!
2016-07-28 20:47:36,585 [Worker-65] INFO  o.e.m.c.i.embedder.EclipseLogger - skip non existing resourceDirectory /Users/guanho/Documents/git/TIL/spring/03_Environment/01_Environment/src/test/resources
2016-07-28 20:47:49,443 [Worker-62] INFO  o.e.m.c.i.l.LifecycleMappingFactory - Using org.eclipse.m2e.jdt.JarLifecycleMapping lifecycle mapping for MavenProject: com.company:01_Environment:0.0.1-SNAPSHOT @ /Users/guanho/Documents/git/TIL/spring/03_Environment/01_Environment/pom.xml.
2016-07-28 20:47:49,511 [Worker-62] WARN  o.e.m.c.i.embedder.EclipseLogger - Using platform encoding (UTF-8 actually) to copy filtered resources, i.e. build is platform dependent!
2016-07-28 20:47:49,512 [Worker-62] INFO  o.e.m.c.i.embedder.EclipseLogger - Copying 0 resource
2016-07-28 20:47:49,513 [Worker-62] WARN  o.e.m.c.i.embedder.EclipseLogger - Using platform encoding (UTF-8 actually) to copy filtered resources, i.e. build is platform dependent!
2016-07-28 20:47:49,514 [Worker-62] INFO  o.e.m.c.i.embedder.EclipseLogger - skip non existing resourceDirectory /Users/guanho/Documents/git/TIL/spring/03_Environment/01_Environment/src/test/resources
